SF:lib/utils/file_utils.dart
DA:103,2
DA:104,4
DA:144,2
DA:159,4
DA:169,10
DA:171,2
DA:172,2
DA:173,6
DA:174,4
DA:175,6
DA:176,1
DA:177,3
DA:178,0
DA:179,0
DA:184,0
DA:187,1
DA:188,1
DA:189,1
DA:190,1
DA:193,0
DA:194,0
DA:195,0
DA:200,1
DA:201,3
DA:205,0
DA:206,0
DA:207,0
DA:208,0
DA:212,0
DA:214,0
DA:216,0
DA:217,0
DA:218,0
DA:221,0
DA:224,0
DA:225,0
DA:226,0
DA:227,0
DA:228,0
DA:229,0
DA:230,0
DA:231,0
DA:232,0
DA:233,0
DA:236,0
DA:242,0
DA:247,0
DA:248,0
DA:264,0
DA:267,0
DA:272,0
DA:273,0
DA:274,0
DA:276,0
DA:279,2
DA:280,2
DA:281,2
DA:282,2
DA:285,2
DA:295,2
DA:298,2
DA:308,2
DA:330,2
DA:333,1
DA:336,1
DA:339,1
DA:342,1
DA:346,2
DA:347,2
DA:348,2
DA:349,2
DA:352,2
DA:362,2
DA:365,2
DA:375,2
DA:394,2
DA:400,3
DA:401,6
DA:405,0
DA:406,0
DA:407,0
DA:441,0
DA:457,0
DA:458,3
DA:459,1
DA:492,2
DA:493,0
DA:494,3
DA:498,0
DA:499,0
DA:502,0
DA:503,0
DA:506,0
DA:509,0
DA:510,0
DA:513,0
DA:514,0
DA:515,0
DA:516,0
DA:519,0
DA:520,0
DA:521,0
DA:522,0
DA:523,0
DA:524,0
DA:525,0
DA:526,0
DA:527,0
DA:528,0
DA:529,0
DA:530,0
DA:559,3
DA:560,6
DA:561,3
DA:562,12
DA:568,1
DA:569,1
DA:571,2
DA:572,1
DA:574,1
DA:589,2
DA:590,1
DA:598,3
DA:602,3
DA:603,4
DA:604,6
DA:605,3
DA:606,6
DA:607,6
DA:608,3
DA:610,3
DA:611,6
DA:612,3
DA:614,3
DA:615,3
DA:616,6
DA:619,0
DA:631,3
DA:635,3
DA:636,6
DA:638,4
DA:639,2
DA:640,2
DA:641,4
DA:642,2
DA:644,2
DA:647,2
DA:648,2
DA:649,2
DA:652,2
DA:655,4
DA:656,9
DA:657,5
DA:670,0
DA:676,0
DA:677,0
DA:678,0
DA:679,0
DA:682,0
DA:684,0
DA:687,0
DA:688,0
DA:689,0
DA:690,0
DA:691,0
DA:692,0
DA:693,0
DA:696,0
DA:698,0
DA:699,0
DA:702,0
DA:703,0
DA:704,0
DA:708,0
DA:709,0
DA:715,0
DA:719,0
DA:720,0
DA:721,0
DA:722,0
DA:723,0
DA:724,0
DA:726,0
DA:728,0
DA:729,0
DA:730,0
DA:739,1
DA:740,2
DA:742,0
DA:743,0
DA:744,0
DA:747,0
DA:748,0
DA:751,0
DA:755,1
DA:756,1
DA:757,1
DA:758,1
DA:759,1
DA:761,0
DA:762,0
DA:770,0
DA:776,0
DA:778,0
DA:781,0
DA:782,0
DA:783,0
DA:784,0
DA:785,0
DA:788,0
DA:790,0
DA:799,1
DA:800,1
DA:802,1
DA:803,1
DA:804,1
DA:806,0
DA:807,0
DA:809,0
DA:811,0
DA:812,0
DA:813,0
DA:814,0
DA:816,0
DA:822,1
DA:823,2
DA:824,1
DA:828,1
DA:830,2
DA:831,1
DA:832,0
DA:833,1
DA:837,1
DA:838,2
DA:844,0
DA:846,0
DA:847,0
DA:848,0
DA:850,0
DA:858,7
DA:860,2
DA:861,4
DA:865,2
DA:873,4
DA:874,4
DA:884,0
DA:885,0
DA:888,0
DA:891,0
DA:893,1
DA:894,1
DA:896,2
DA:899,0
DA:900,0
DA:902,0
DA:905,1
DA:906,2
DA:907,2
DA:908,2
DA:909,2
DA:910,1
DA:911,1
DA:912,1
DA:913,1
DA:916,1
DA:917,2
DA:922,1
DA:923,2
DA:932,0
DA:934,0
DA:939,0
DA:948,0
DA:949,0
DA:950,0
DA:951,0
DA:952,0
DA:953,0
DA:954,0
DA:959,0
DA:960,0
DA:961,0
DA:965,0
DA:969,0
DA:973,0
DA:974,0
DA:975,0
DA:976,0
DA:977,0
DA:978,0
DA:988,2
DA:989,2
DA:990,2
DA:994,0
DA:995,0
DA:996,0
DA:1005,2
DA:1006,2
DA:1007,2
DA:1011,0
DA:1012,0
DA:1013,0
DA:1018,2
DA:1019,2
DA:1020,2
DA:1021,0
DA:1022,0
DA:1028,0
DA:1029,0
DA:1030,0
DA:1031,0
DA:1032,0
DA:1034,0
DA:1035,0
DA:1036,0
DA:1037,0
DA:1039,0
DA:1041,0
DA:1046,0
DA:1054,3
DA:1058,2
DA:1061,2
DA:1062,2
DA:1064,0
DA:1065,0
DA:1069,0
DA:1070,0
DA:1076,1
DA:1078,1
DA:1079,0
DA:1081,0
DA:1084,3
DA:1089,1
DA:1090,3
DA:1091,2
DA:1092,3
DA:1093,2
DA:1094,3
DA:1096,3
DA:1099,2
DA:1101,3
DA:1102,0
DA:1104,1
DA:1108,0
DA:1109,0
DA:1112,0
DA:1113,0
DA:1114,0
DA:1115,0
DA:1116,0
DA:1120,0
DA:1121,0
DA:1122,0
DA:1132,1
DA:1133,1
DA:1134,1
DA:1135,1
DA:1136,1
DA:1137,0
DA:1140,1
DA:1141,1
DA:1142,1
DA:1144,2
DA:1145,3
DA:1146,3
DA:1147,2
DA:1148,2
DA:1149,1
DA:1150,1
DA:1151,1
DA:1153,1
DA:1154,1
DA:1156,2
DA:1158,1
DA:1160,1
DA:1162,1
LF:375
LH:178
end_of_record
SF:lib/services/search_service.dart
DA:18,1
DA:29,2
DA:33,1
DA:35,1
DA:40,1
DA:41,1
DA:44,1
DA:46,1
DA:48,1
DA:50,1
DA:54,1
DA:64,2
DA:65,1
DA:66,1
DA:67,0
DA:70,2
DA:71,1
DA:72,1
DA:73,2
DA:74,2
DA:75,1
DA:76,1
DA:77,1
DA:78,1
DA:80,2
DA:81,0
DA:82,1
DA:85,1
DA:87,1
DA:88,1
DA:96,1
DA:107,1
DA:108,2
DA:118,1
DA:119,1
DA:126,1
DA:128,3
DA:129,1
DA:131,1
DA:132,1
DA:133,1
DA:134,0
DA:135,1
DA:136,1
DA:137,1
DA:138,1
DA:139,1
DA:140,1
DA:141,1
DA:142,1
DA:143,1
DA:144,1
DA:145,1
DA:146,1
DA:147,1
DA:148,0
DA:150,1
DA:153,1
DA:162,1
DA:179,1
DA:196,1
DA:198,1
DA:201,1
DA:203,2
DA:206,1
DA:207,2
DA:208,1
DA:209,1
DA:211,1
DA:212,1
DA:213,1
DA:214,1
DA:216,1
DA:217,1
DA:218,1
DA:219,1
DA:222,1
DA:223,3
DA:225,3
DA:228,0
DA:233,1
DA:248,2
DA:250,1
DA:251,2
DA:252,2
DA:253,2
DA:254,1
DA:256,1
DA:257,1
DA:263,1
DA:264,1
DA:265,1
DA:266,1
DA:267,1
DA:268,1
DA:275,1
DA:276,2
DA:277,2
DA:283,1
DA:285,1
DA:286,1
DA:287,2
DA:289,1
DA:290,1
DA:291,1
DA:292,2
DA:295,2
DA:296,0
DA:297,0
DA:301,1
DA:302,2
DA:303,1
DA:327,1
DA:334,1
DA:335,1
DA:336,1
DA:337,1
DA:340,2
DA:342,1
DA:345,3
DA:346,2
DA:347,2
DA:349,1
DA:351,1
DA:352,3
DA:353,1
DA:354,3
DA:355,1
DA:356,1
DA:358,3
DA:359,0
DA:368,1
DA:369,2
DA:370,1
DA:371,3
DA:372,2
DA:373,2
DA:374,0
LF:138
LH:129
end_of_record
SF:lib/utils/constants.dart
DA:7,2
DA:8,2
DA:9,0
DA:10,0
DA:13,4
DA:16,0
DA:17,0
DA:19,0
DA:20,0
DA:22,1
DA:23,3
DA:25,0
DA:26,0
DA:28,0
DA:30,0
DA:31,0
DA:33,0
DA:34,0
DA:37,0
DA:38,0
DA:39,0
DA:40,0
DA:42,0
DA:46,0
DA:47,0
DA:51,0
DA:52,0
DA:53,0
DA:54,0
DA:55,0
DA:56,0
DA:57,0
DA:58,0
LF:33
LH:5
end_of_record
SF:lib/services/playback_resume_policy.dart
DA:5,1
DA:21,1
DA:27,1
DA:28,3
DA:30,1
DA:31,1
DA:32,2
DA:33,4
DA:34,4
DA:39,1
DA:45,0
DA:47,1
DA:54,0
DA:55,0
DA:56,0
DA:57,0
DA:58,0
DA:59,0
DA:60,0
DA:65,1
DA:71,1
LF:21
LH:13
end_of_record
SF:lib/services/playback_resume_store.dart
DA:14,2
DA:19,2
DA:20,2
DA:21,2
DA:22,2
DA:26,1
DA:31,1
DA:32,1
DA:33,1
DA:37,1
DA:38,1
DA:39,1
DA:40,1
DA:41,2
DA:42,3
DA:45,1
DA:60,0
DA:63,0
DA:65,0
DA:66,0
DA:68,1
DA:69,1
DA:70,2
DA:71,2
DA:72,2
DA:73,1
DA:77,2
DA:79,2
DA:80,6
DA:81,6
DA:82,6
DA:83,6
DA:86,0
DA:87,0
DA:88,0
DA:89,0
DA:90,0
DA:91,0
DA:94,2
DA:95,10
DA:96,0
DA:98,4
DA:99,0
DA:101,4
DA:102,0
DA:103,0
DA:108,2
DA:109,0
DA:110,0
DA:117,2
DA:119,0
DA:120,0
DA:121,0
DA:122,0
DA:123,0
DA:130,0
DA:133,1
DA:135,0
DA:136,0
DA:137,0
DA:138,0
DA:141,0
DA:152,2
DA:153,2
DA:154,2
DA:155,2
DA:157,2
DA:159,0
DA:160,0
DA:161,0
DA:162,0
DA:163,0
DA:164,0
DA:165,0
DA:167,2
DA:170,2
DA:171,2
DA:172,2
DA:173,4
DA:174,4
DA:175,2
DA:176,3
DA:177,1
DA:179,0
DA:182,2
DA:185,2
DA:186,2
DA:190,0
DA:191,0
DA:192,0
DA:193,0
DA:196,2
DA:197,2
DA:198,0
DA:199,0
DA:200,0
DA:207,0
DA:216,0
DA:217,0
DA:218,0
DA:221,2
DA:228,2
DA:237,3
DA:239,1
DA:240,3
DA:242,0
DA:243,0
DA:245,1
DA:246,1
DA:247,2
DA:248,2
DA:249,2
DA:250,3
DA:251,2
DA:255,1
DA:256,1
DA:257,1
DA:258,1
DA:259,1
DA:260,1
DA:261,1
DA:262,1
DA:263,1
DA:264,1
DA:265,1
DA:268,1
DA:277,2
DA:278,4
DA:279,0
DA:280,0
DA:285,4
DA:286,6
DA:287,4
DA:288,4
DA:289,0
DA:291,8
DA:292,0
DA:299,1
DA:309,0
DA:310,0
DA:315,1
DA:316,2
DA:317,1
DA:318,2
DA:321,3
DA:324,1
DA:325,1
DA:328,1
DA:329,2
DA:332,1
DA:333,1
DA:334,2
DA:337,1
DA:338,1
DA:340,1
DA:341,0
DA:344,1
DA:345,1
DA:347,2
DA:351,1
DA:352,2
DA:354,0
DA:355,0
DA:357,0
DA:358,0
DA:365,1
DA:369,2
DA:370,0
DA:371,0
DA:376,1
DA:378,1
DA:379,1
DA:381,1
DA:382,3
DA:383,0
DA:385,3
DA:386,0
DA:390,1
DA:391,3
DA:395,1
DA:396,1
DA:397,1
DA:398,3
DA:399,1
DA:400,2
DA:401,2
DA:405,1
DA:406,3
DA:407,3
LF:189
LH:126
end_of_record
SF:lib/services/web_share_server.dart
DA:52,2
DA:53,2
DA:54,2
DA:55,2
DA:63,2
DA:64,2
DA:68,4
DA:69,2
DA:74,4
DA:77,6
DA:79,0
DA:80,0
DA:81,0
DA:86,4
DA:87,2
DA:92,4
DA:94,0
DA:95,0
DA:96,0
DA:100,2
DA:101,4
DA:105,2
DA:106,4
DA:107,2
DA:109,4
DA:111,2
DA:113,4
DA:115,2
DA:120,2
DA:121,2
DA:122,2
DA:137,2
DA:138,2
DA:140,2
DA:141,6
DA:143,0
DA:150,2
DA:151,2
DA:152,4
DA:153,2
DA:154,4
DA:155,2
DA:157,2
DA:158,2
DA:161,2
DA:165,2
DA:166,2
DA:168,2
DA:172,2
DA:173,2
DA:175,2
DA:176,2
DA:178,2
DA:179,2
DA:181,2
DA:182,2
DA:184,2
DA:185,2
DA:187,2
DA:188,2
DA:192,2
DA:194,2
DA:195,2
DA:197,2
DA:198,2
DA:200,2
DA:201,2
DA:202,2
DA:203,2
DA:205,2
DA:206,6
DA:207,4
DA:209,2
DA:211,2
DA:218,2
DA:219,2
DA:221,4
DA:224,2
DA:225,2
DA:226,2
DA:228,2
DA:229,4
DA:231,2
DA:235,0
DA:268,3
DA:296,9
DA:298,6
DA:299,6
DA:300,4
DA:301,4
DA:304,2
DA:305,2
DA:306,6
DA:310,1
DA:311,2
DA:312,2
DA:316,1
DA:317,3
DA:318,1
DA:321,2
DA:323,4
DA:324,5
DA:326,2
DA:327,0
DA:329,2
DA:331,4
DA:332,4
DA:333,4
DA:334,4
DA:336,8
DA:337,2
DA:338,12
DA:340,5
DA:342,2
DA:343,2
DA:346,1
DA:347,1
DA:350,2
DA:351,2
DA:352,1
DA:353,1
DA:354,1
DA:356,2
DA:358,1
DA:359,1
DA:361,1
DA:363,2
DA:364,1
DA:365,1
DA:366,0
DA:367,0
DA:369,0
DA:372,0
DA:375,0
DA:376,0
DA:380,2
DA:382,0
DA:391,1
DA:392,2
DA:393,1
DA:395,2
DA:398,2
DA:402,1
DA:403,1
DA:404,2
DA:405,3
DA:407,1
DA:409,2
DA:412,1
DA:413,1
DA:414,3
DA:415,5
DA:420,4
DA:421,12
DA:423,12
DA:424,16
DA:426,4
DA:429,1
DA:430,2
DA:431,1
DA:432,2
DA:433,3
DA:444,1
DA:445,1
DA:452,1
DA:457,2
DA:459,3
DA:461,1
DA:462,1
DA:463,2
DA:464,1
DA:471,1
DA:473,3
DA:474,1
DA:475,2
DA:476,1
DA:477,2
DA:482,1
DA:485,1
DA:487,1
DA:488,1
DA:489,2
DA:492,2
DA:493,3
DA:494,2
DA:495,1
DA:496,3
DA:497,2
DA:499,2
DA:502,2
DA:503,1
DA:506,1
DA:507,1
DA:508,2
DA:509,2
DA:511,1
DA:516,1
DA:517,1
DA:662,1
DA:664,1
DA:665,1
DA:666,3
DA:667,1
DA:668,1
DA:671,1
DA:737,1
DA:738,1
DA:739,2
DA:744,2
DA:745,2
DA:747,3
DA:748,2
DA:751,4
DA:752,1
DA:753,1
DA:754,1
DA:755,1
DA:756,2
DA:757,2
DA:758,1
DA:759,2
DA:760,3
DA:761,2
DA:762,2
DA:763,2
DA:766,2
DA:767,1
DA:768,1
DA:769,2
DA:770,0
DA:773,2
DA:775,0
DA:780,1
DA:781,1
DA:782,2
DA:785,4
DA:786,2
DA:787,3
DA:788,1
DA:792,1
DA:793,1
DA:794,1
DA:798,4
DA:799,1
DA:800,1
DA:801,1
DA:802,3
DA:803,1
DA:808,2
DA:809,1
DA:810,0
DA:814,1
DA:815,1
DA:818,2
DA:820,2
DA:823,1
DA:824,1
DA:825,3
DA:826,2
DA:829,1
DA:830,1
DA:831,2
DA:833,3
DA:834,3
DA:835,1
DA:836,1
DA:837,3
DA:838,2
DA:841,2
DA:842,1
DA:843,1
DA:845,3
DA:846,3
DA:847,3
DA:848,3
DA:849,2
DA:850,4
DA:851,2
DA:856,1
DA:857,1
DA:858,3
DA:859,3
DA:860,3
DA:861,2
DA:864,1
DA:865,2
DA:866,2
DA:870,0
DA:871,0
DA:872,0
DA:875,0
DA:876,0
DA:877,0
DA:878,0
DA:884,0
DA:887,0
DA:889,0
DA:890,0
DA:891,0
DA:894,0
DA:895,0
DA:896,0
DA:902,0
DA:903,0
DA:904,0
DA:905,0
DA:906,0
DA:910,0
DA:911,0
DA:912,0
DA:916,0
DA:917,0
DA:920,0
DA:921,0
DA:922,0
DA:924,0
DA:925,0
DA:931,0
DA:933,0
DA:934,0
DA:935,0
DA:941,1
DA:942,3
DA:944,4
DA:945,3
DA:946,0
DA:954,0
DA:956,0
DA:960,0
DA:961,0
DA:962,0
DA:963,0
DA:964,0
DA:965,0
DA:966,0
DA:971,0
DA:972,0
DA:973,0
DA:980,2
DA:981,6
DA:982,2
DA:983,4
DA:986,1
DA:987,1
DA:990,0
DA:993,0
DA:998,0
DA:999,0
DA:1005,1
DA:1006,1
DA:1007,1
DA:1008,3
DA:1009,1
DA:1010,1
DA:1013,1
DA:1018,1
DA:1019,1
DA:1020,3
DA:1021,2
DA:1022,1
DA:1025,1
DA:1026,2
DA:1027,0
DA:1028,0
DA:1029,0
DA:1030,0
DA:1033,1
DA:1034,3
DA:1035,2
DA:1037,2
DA:1038,2
DA:1039,1
DA:1040,2
LF:373
LH:299
end_of_record
SF:lib/theme/theme.dart
DA:45,12
DA:47,10
DA:48,8
DA:49,4
DA:50,0
DA:51,6
DA:52,8
DA:53,10
DA:54,4
DA:55,4
DA:56,8
DA:57,4
DA:58,0
DA:59,0
DA:60,0
DA:87,6
DA:90,0
DA:93,1
DA:95,1
DA:96,1
DA:103,1
DA:106,1
DA:107,1
DA:109,1
DA:123,2
DA:125,2
DA:126,2
DA:127,2
DA:128,2
DA:129,2
DA:130,2
DA:133,4
DA:134,8
DA:135,4
DA:136,8
DA:144,0
DA:152,0
DA:153,0
DA:154,0
DA:155,0
DA:156,0
DA:157,0
DA:163,2
DA:164,2
DA:169,0
DA:170,0
DA:173,0
DA:174,0
DA:175,0
DA:176,0
DA:179,0
DA:181,0
DA:184,0
DA:188,0
DA:191,0
DA:192,0
DA:194,0
DA:201,4
DA:225,3
DA:227,3
DA:231,3
DA:232,3
DA:233,3
DA:236,3
DA:237,6
DA:241,3
DA:242,3
DA:243,3
DA:244,6
DA:245,3
DA:247,3
DA:248,6
DA:249,6
DA:250,3
DA:251,3
DA:255,3
DA:256,6
DA:260,3
DA:261,6
DA:265,1
DA:267,1
LF:81
LH:56
end_of_record
SF:lib/services/entitlement_service.dart
DA:25,2
DA:26,2
DA:27,2
DA:28,9
DA:32,1
DA:33,1
DA:34,1
DA:36,1
DA:37,1
DA:38,1
DA:39,1
DA:40,1
DA:41,1
DA:42,3
DA:45,2
DA:47,1
DA:48,1
DA:52,3
DA:53,1
DA:54,1
DA:56,1
DA:57,1
DA:63,1
DA:64,5
DA:67,1
DA:68,1
DA:69,1
DA:70,1
DA:71,1
DA:75,1
DA:76,5
DA:78,1
DA:79,1
DA:80,1
DA:81,1
DA:82,1
DA:83,1
LF:37
LH:37
end_of_record
SF:lib/services/doc_converter.dart
DA:28,1
DA:29,1
DA:30,1
DA:31,1
DA:33,1
DA:34,2
DA:38,1
DA:39,1
DA:43,0
DA:51,2
DA:52,2
DA:53,2
DA:54,2
DA:56,2
DA:57,4
DA:61,2
DA:62,2
DA:65,0
DA:72,4
DA:73,11
DA:74,2
DA:75,2
DA:76,2
DA:78,2
DA:79,4
DA:80,2
DA:81,4
DA:84,0
DA:94,4
DA:95,8
DA:96,4
DA:100,2
DA:101,2
DA:102,1
DA:103,4
DA:104,1
DA:107,1
DA:109,1
DA:111,1
DA:112,1
DA:113,1
DA:114,2
DA:115,1
DA:116,1
DA:117,1
DA:118,1
DA:119,1
DA:120,1
DA:125,4
DA:126,1
DA:128,6
DA:129,3
DA:137,3
DA:139,3
DA:140,3
DA:142,3
DA:143,6
DA:146,0
DA:153,0
DA:154,0
DA:155,0
DA:156,0
DA:160,0
DA:169,4
DA:171,4
DA:172,4
DA:173,16
DA:174,4
DA:177,4
DA:178,4
DA:179,8
DA:180,4
DA:181,4
DA:182,12
DA:183,4
DA:184,3
DA:185,2
DA:186,2
DA:190,12
DA:191,4
DA:197,12
DA:200,4
DA:203,12
DA:204,12
DA:205,4
DA:208,11
DA:209,9
DA:210,3
DA:212,8
DA:213,8
DA:215,8
DA:216,4
DA:225,1
DA:226,1
DA:228,2
DA:233,3
DA:234,3
DA:235,6
DA:236,12
DA:237,9
DA:239,6
DA:240,3
DA:242,6
DA:245,3
DA:249,4
DA:250,4
DA:251,12
DA:252,4
DA:253,13
DA:254,6
DA:256,3
DA:257,0
DA:259,3
DA:260,0
DA:262,3
DA:263,0
DA:265,3
DA:266,0
DA:268,3
DA:269,0
DA:271,3
DA:272,3
DA:273,3
DA:274,3
DA:277,12
DA:280,6
DA:281,9
DA:282,12
DA:283,12
DA:284,0
DA:286,6
DA:288,3
DA:292,4
DA:295,4
DA:300,1
DA:301,1
DA:302,1
DA:304,1
DA:305,2
DA:306,1
DA:307,4
DA:308,1
DA:312,1
DA:314,1
DA:317,2
DA:318,2
DA:319,2
DA:320,2
DA:321,1
DA:322,1
DA:323,2
DA:326,0
DA:336,4
DA:337,4
DA:338,4
DA:341,4
DA:342,8
DA:343,8
DA:346,4
DA:348,4
DA:349,16
DA:351,4
DA:352,4
DA:360,4
DA:364,4
DA:382,1
DA:383,1
DA:384,1
DA:385,1
DA:386,2
DA:389,1
DA:390,1
DA:393,2
DA:394,0
DA:397,1
DA:398,1
DA:399,1
DA:401,1
DA:402,1
DA:404,1
DA:405,2
DA:408,0
DA:416,1
DA:417,1
DA:418,2
DA:419,1
DA:420,0
DA:421,0
DA:422,0
DA:423,1
DA:424,2
DA:425,1
DA:426,0
DA:428,1
DA:429,1
DA:431,0
DA:433,0
DA:434,0
DA:435,0
DA:436,0
DA:438,0
DA:441,0
DA:442,0
DA:443,0
DA:444,0
DA:445,0
DA:446,0
DA:447,0
DA:448,0
DA:450,0
DA:451,0
DA:452,0
DA:453,0
DA:454,0
DA:457,0
DA:458,0
DA:461,2
DA:465,1
DA:466,1
DA:467,2
DA:468,1
DA:469,0
DA:472,1
DA:473,0
DA:476,1
DA:477,1
DA:478,1
DA:479,1
DA:480,1
DA:481,0
DA:483,1
DA:485,1
DA:494,1
DA:496,1
DA:497,1
DA:498,4
DA:499,1
DA:500,1
DA:502,1
DA:503,2
DA:504,1
DA:505,1
DA:506,3
DA:507,1
DA:508,1
DA:509,0
DA:510,0
DA:514,3
DA:515,1
DA:519,1
DA:520,2
DA:528,3
DA:529,1
DA:530,1
DA:532,2
DA:534,2
DA:538,1
DA:540,1
DA:542,2
DA:543,2
DA:547,2
DA:549,0
DA:550,0
DA:553,3
DA:555,2
DA:557,2
DA:559,3
DA:560,2
DA:561,2
DA:562,2
DA:567,1
DA:570,5
DA:571,3
DA:572,1
DA:575,2
DA:576,3
DA:577,3
DA:578,3
DA:582,1
DA:584,2
DA:586,7
DA:587,3
DA:588,1
DA:590,2
DA:594,1
DA:595,2
DA:596,6
DA:597,1
DA:598,2
DA:599,1
DA:600,1
DA:601,10
DA:602,2
DA:603,4
DA:604,1
DA:605,1
DA:606,1
DA:607,3
DA:612,1
DA:614,3
DA:618,1
DA:619,1
DA:621,2
DA:623,6
DA:624,1
DA:625,1
DA:626,1
DA:628,2
DA:631,2
DA:634,1
DA:635,2
DA:637,3
DA:638,3
DA:639,5
DA:640,1
DA:641,0
DA:644,1
DA:645,2
DA:647,2
DA:650,3
DA:651,1
DA:652,2
DA:653,4
DA:654,1
DA:655,2
DA:656,0
DA:657,0
DA:659,1
DA:660,1
DA:663,2
DA:665,0
DA:671,4
DA:672,8
DA:673,8
DA:674,0
DA:676,4
DA:677,0
DA:679,4
DA:682,1
DA:683,1
DA:684,1
DA:685,2
DA:686,1
DA:687,1
DA:688,1
DA:689,1
DA:690,1
DA:691,1
DA:698,0
DA:699,0
DA:700,0
DA:701,0
DA:703,0
DA:704,0
DA:705,0
DA:706,0
DA:707,0
DA:708,0
DA:709,0
DA:714,0
DA:716,0
DA:717,0
DA:718,0
DA:719,0
DA:720,0
DA:721,0
DA:722,0
DA:723,0
DA:724,0
DA:725,0
DA:726,0
DA:727,0
DA:729,0
DA:732,0
DA:733,0
DA:734,0
DA:736,0
DA:737,0
DA:738,0
DA:739,0
DA:740,0
DA:741,0
DA:745,0
DA:746,0
DA:747,0
DA:749,0
DA:752,0
DA:759,2
DA:760,2
DA:761,2
DA:763,2
DA:764,2
DA:765,2
DA:766,2
DA:775,2
DA:776,4
DA:779,0
DA:789,2
DA:790,2
DA:791,2
DA:794,2
DA:796,2
DA:797,2
DA:798,1
DA:799,3
DA:801,1
DA:804,4
DA:805,2
DA:808,4
DA:810,1
DA:814,1
DA:816,1
DA:820,1
DA:821,1
DA:826,4
DA:827,1
DA:828,1
DA:829,1
DA:834,4
DA:836,1
DA:837,2
DA:838,4
DA:839,1
DA:844,2
DA:845,1
DA:846,1
DA:847,4
DA:848,3
DA:849,1
DA:851,4
DA:856,4
DA:857,1
DA:858,1
DA:859,5
DA:860,3
DA:861,3
DA:862,1
DA:864,3
DA:869,4
DA:870,1
DA:871,1
DA:872,5
DA:873,3
DA:874,3
DA:875,1
DA:877,3
DA:882,4
DA:883,2
DA:884,2
DA:889,2
DA:890,10
DA:891,6
DA:892,6
DA:893,2
DA:895,2
DA:896,2
DA:897,8
DA:901,2
DA:902,2
DA:909,2
DA:912,2
DA:913,2
DA:914,2
DA:915,1
DA:916,2
DA:917,3
DA:921,2
DA:922,2
DA:923,4
DA:926,2
DA:927,2
DA:928,2
DA:930,6
DA:931,4
DA:932,4
DA:934,6
DA:936,2
DA:937,2
DA:938,4
DA:941,2
DA:942,2
DA:943,0
DA:946,4
DA:947,4
DA:949,4
DA:951,2
DA:952,2
DA:956,5
DA:957,4
DA:961,2
DA:962,6
DA:963,2
DA:964,2
DA:965,2
DA:966,2
DA:967,4
DA:969,2
DA:970,2
DA:971,0
DA:973,2
DA:974,2
DA:975,0
DA:977,2
DA:979,4
DA:982,2
DA:983,2
DA:985,2
DA:986,2
DA:987,0
DA:990,2
DA:991,2
DA:992,0
DA:995,2
DA:996,2
DA:997,6
DA:1000,2
DA:1001,2
DA:1002,3
DA:1005,2
DA:1006,2
DA:1007,6
DA:1012,2
DA:1014,2
DA:1015,2
DA:1016,2
DA:1017,2
DA:1024,4
DA:1025,8
DA:1033,4
DA:1040,3
DA:1041,4
DA:1044,3
DA:1045,11
DA:1057,2
DA:1058,2
DA:1059,2
DA:1062,2
DA:1063,2
DA:1066,2
DA:1067,2
DA:1069,6
DA:1070,6
DA:1071,2
DA:1072,2
DA:1073,4
DA:1075,2
DA:1078,2
DA:1079,2
DA:1080,0
DA:1081,0
DA:1084,2
DA:1088,4
DA:1089,2
DA:1092,0
DA:1094,0
DA:1096,0
DA:1098,0
DA:1103,4
DA:1105,0
DA:1106,0
DA:1108,0
DA:1113,4
DA:1115,1
DA:1116,1
DA:1117,1
DA:1119,1
DA:1120,2
DA:1123,1
DA:1128,4
DA:1129,0
DA:1130,0
DA:1131,0
DA:1132,0
DA:1137,2
DA:1138,0
DA:1139,0
DA:1140,0
DA:1141,0
DA:1142,0
DA:1144,0
DA:1149,4
DA:1150,1
DA:1151,1
DA:1152,5
DA:1153,5
DA:1154,1
DA:1156,2
DA:1161,4
DA:1162,1
DA:1163,1
DA:1164,5
DA:1165,5
DA:1166,1
DA:1168,2
DA:1173,4
DA:1174,2
DA:1175,2
DA:1180,2
DA:1181,2
DA:1183,2
DA:1184,2
DA:1188,2
DA:1190,0
DA:1191,0
DA:1195,0
DA:1197,0
DA:1198,0
DA:1206,1
DA:1209,1
DA:1211,5
DA:1215,1
DA:1217,1
DA:1219,6
DA:1223,0
DA:1224,0
DA:1226,0
DA:1228,0
DA:1237,1
DA:1238,1
DA:1239,1
DA:1240,1
DA:1241,2
DA:1242,1
DA:1243,1
DA:1244,1
DA:1245,5
DA:1248,1
DA:1249,4
DA:1251,1
DA:1252,0
DA:1254,1
DA:1255,1
DA:1256,4
DA:1259,1
DA:1260,1
DA:1261,4
DA:1264,0
DA:1265,0
DA:1267,0
DA:1268,0
DA:1272,1
DA:1273,1
DA:1275,2
DA:1278,1
DA:1285,1
DA:1295,1
DA:1296,2
DA:1297,1
DA:1298,1
DA:1300,1
DA:1301,2
DA:1304,1
DA:1307,3
DA:1309,4
DA:1311,2
DA:1313,2
DA:1314,2
DA:1315,2
DA:1316,2
DA:1317,2
DA:1320,2
DA:1321,8
DA:1323,0
DA:1324,0
DA:1326,0
DA:1329,0
DA:1330,0
DA:1331,0
DA:1334,0
DA:1336,0
DA:1337,0
DA:1338,0
DA:1339,0
DA:1343,0
DA:1344,0
DA:1345,0
DA:1348,0
DA:1349,0
DA:1355,2
DA:1356,2
DA:1357,2
DA:1358,2
DA:1359,2
DA:1362,2
DA:1363,4
DA:1364,2
DA:1366,2
DA:1367,2
DA:1369,2
DA:1370,2
DA:1371,4
DA:1373,6
DA:1374,2
DA:1375,2
DA:1377,2
DA:1380,2
DA:1381,6
DA:1383,4
DA:1384,2
DA:1389,0
DA:1391,0
DA:1392,0
DA:1394,0
DA:1410,4
DA:1442,1
DA:1449,1
LF:706
LH:552
end_of_record
SF:lib/services/docx_reader.dart
DA:17,3
DA:22,3
DA:29,1
DA:36,3
DA:43,0
DA:49,1
DA:57,0
DA:62,2
DA:76,3
DA:86,0
DA:87,3
DA:88,0
DA:96,0
DA:100,0
DA:102,0
DA:108,0
DA:118,3
DA:119,3
DA:120,3
DA:121,0
DA:123,3
DA:124,6
DA:130,3
DA:132,0
DA:134,3
DA:136,0
DA:141,3
DA:144,3
DA:146,4
DA:147,2
DA:149,1
DA:156,3
DA:157,12
DA:158,3
DA:159,3
DA:160,0
DA:161,0
DA:162,0
DA:163,0
DA:164,0
DA:166,0
DA:167,0
DA:168,0
DA:169,0
DA:174,3
DA:175,6
DA:177,0
DA:180,3
DA:185,6
DA:186,3
DA:187,3
DA:188,3
DA:189,3
DA:192,3
DA:193,3
DA:195,3
DA:200,3
DA:202,6
DA:205,6
DA:207,3
DA:213,3
DA:218,6
DA:219,3
DA:220,3
DA:221,3
DA:222,2
DA:223,1
DA:224,1
DA:225,1
DA:232,3
DA:241,6
DA:243,2
DA:244,1
DA:245,2
DA:248,2
DA:250,2
DA:251,0
DA:253,1
DA:254,1
DA:255,1
DA:263,3
DA:264,9
DA:265,6
DA:266,3
DA:267,3
DA:268,3
DA:270,1
DA:271,1
DA:272,1
DA:280,3
DA:281,0
DA:282,0
DA:289,1
DA:291,3
DA:294,3
DA:300,6
DA:303,0
DA:304,0
DA:306,0
DA:307,0
DA:308,0
DA:309,0
DA:310,0
DA:311,0
DA:314,0
DA:315,0
DA:316,0
DA:317,0
DA:318,0
DA:319,0
DA:331,6
DA:332,3
DA:335,3
DA:337,9
DA:338,6
DA:339,3
DA:340,6
DA:342,1
DA:343,0
DA:345,1
DA:346,0
DA:347,0
DA:351,0
DA:354,0
DA:359,3
DA:360,3
DA:361,3
DA:362,3
DA:363,3
DA:364,3
DA:365,3
DA:366,3
DA:370,1
DA:375,1
DA:376,1
DA:377,1
DA:378,2
DA:379,1
DA:381,2
DA:382,1
DA:383,1
DA:384,1
DA:386,1
DA:388,1
DA:394,1
DA:399,1
DA:400,2
DA:401,1
DA:402,2
DA:403,1
DA:404,2
DA:405,1
DA:406,3
DA:408,1
DA:410,2
DA:412,2
DA:417,3
DA:424,2
DA:425,2
DA:426,2
DA:427,2
DA:428,2
DA:429,0
DA:432,2
DA:433,0
DA:435,0
DA:437,1
DA:448,2
DA:449,2
DA:451,2
DA:452,3
DA:453,1
DA:454,1
DA:455,1
DA:470,3
DA:481,0
DA:482,0
DA:483,0
LF:178
LH:129
end_of_record
SF:lib/services/ocr_service.dart
DA:65,0
DA:67,0
DA:68,0
DA:69,0
DA:70,0
DA:71,0
DA:76,0
DA:78,0
DA:79,0
DA:80,0
DA:85,0
DA:86,0
DA:90,0
DA:91,0
DA:92,0
DA:93,0
DA:94,0
DA:99,0
DA:100,0
DA:103,0
DA:107,0
DA:113,0
DA:114,0
DA:115,0
DA:116,0
DA:117,0
DA:120,0
DA:121,0
DA:125,0
DA:126,0
DA:127,0
DA:129,0
DA:132,0
DA:134,0
DA:135,0
DA:136,0
DA:137,0
DA:138,0
DA:139,0
DA:142,0
DA:144,0
DA:152,0
DA:153,0
DA:154,0
DA:157,0
DA:163,0
DA:167,0
DA:168,0
DA:170,0
DA:173,0
DA:177,0
DA:179,0
DA:180,0
DA:181,0
DA:182,0
DA:183,0
DA:184,0
DA:185,0
DA:186,0
DA:190,0
DA:191,0
DA:192,0
DA:193,0
DA:194,0
DA:195,0
DA:196,0
DA:197,0
DA:199,0
DA:201,0
LF:69
LH:0
end_of_record
SF:lib/utils/safe_file_writer.dart
DA:13,4
DA:15,4
DA:17,8
DA:19,0
DA:21,8
DA:24,0
DA:25,0
DA:26,0
DA:27,0
LF:9
LH:4
end_of_record
SF:lib/widgets/preview_panel.dart
DA:47,1
DA:56,1
DA:57,1
DA:69,1
DA:71,1
DA:72,1
DA:75,1
DA:77,1
DA:78,1
DA:81,1
DA:83,1
DA:84,4
DA:85,0
DA:86,0
DA:87,0
DA:91,0
DA:92,0
DA:93,0
DA:103,0
DA:104,0
DA:105,0
DA:106,0
DA:111,0
DA:112,0
DA:113,0
DA:114,0
DA:119,0
DA:120,0
DA:121,0
DA:122,0
DA:127,0
DA:128,0
DA:129,0
DA:130,0
DA:135,0
DA:136,0
DA:137,0
DA:138,0
DA:143,0
DA:144,0
DA:145,0
DA:146,0
DA:151,0
DA:152,0
DA:153,0
DA:154,0
DA:159,0
DA:160,0
DA:161,0
DA:162,0
DA:169,0
DA:170,0
DA:171,0
DA:172,0
DA:177,0
DA:178,0
DA:179,0
DA:180,0
DA:185,0
DA:190,0
DA:191,0
DA:194,1
DA:195,2
DA:196,2
DA:197,1
DA:198,1
DA:199,1
DA:200,1
DA:201,1
DA:205,0
DA:206,0
DA:207,0
DA:208,0
DA:209,0
DA:210,0
DA:211,0
DA:215,0
DA:216,0
DA:220,0
DA:221,0
DA:223,0
DA:227,0
DA:228,0
DA:231,0
DA:234,0
DA:236,0
DA:239,0
DA:240,0
DA:241,0
DA:242,0
DA:243,0
DA:246,0
DA:247,0
DA:248,0
DA:251,0
DA:252,0
DA:255,0
DA:256,0
DA:257,0
DA:263,1
DA:265,2
DA:270,0
DA:272,0
DA:273,0
DA:274,0
DA:275,0
DA:277,0
DA:278,0
DA:280,0
DA:284,0
DA:285,0
DA:287,0
DA:288,0
DA:289,0
DA:291,0
DA:292,0
DA:293,0
DA:294,0
DA:295,0
DA:302,0
DA:303,0
DA:304,0
DA:309,0
DA:310,0
DA:311,0
DA:321,0
DA:322,0
DA:324,0
DA:325,0
DA:326,0
DA:328,0
DA:329,0
DA:330,0
DA:335,0
DA:337,0
DA:346,0
DA:347,0
DA:348,0
DA:349,0
DA:350,0
DA:353,0
DA:354,0
DA:357,0
DA:359,0
DA:361,0
DA:362,0
DA:364,0
DA:365,0
DA:366,0
DA:367,0
DA:368,0
DA:369,0
DA:372,0
DA:377,0
DA:378,0
DA:379,0
DA:387,0
DA:392,0
DA:393,0
DA:394,0
DA:406,0
DA:408,0
DA:409,0
DA:412,0
DA:413,0
DA:414,0
DA:415,0
DA:416,0
DA:420,0
DA:422,0
DA:423,0
DA:424,0
DA:425,0
DA:426,0
DA:427,0
DA:431,0
DA:432,0
DA:434,0
DA:436,0
DA:439,0
DA:440,0
DA:442,0
DA:448,0
DA:449,0
DA:450,0
DA:452,0
DA:453,0
DA:454,0
DA:455,0
DA:462,0
DA:463,0
DA:465,0
DA:466,0
DA:467,0
DA:468,0
DA:470,0
DA:471,0
DA:473,0
DA:474,0
DA:480,0
DA:483,0
DA:484,0
DA:485,0
DA:488,0
DA:489,0
DA:490,0
DA:491,0
DA:492,0
DA:501,0
DA:502,0
DA:509,0
DA:511,0
DA:512,0
DA:513,0
DA:514,0
DA:516,0
DA:517,0
DA:518,0
DA:519,0
DA:521,0
DA:523,0
DA:524,0
DA:529,0
DA:530,0
DA:531,0
DA:532,0
DA:542,0
DA:543,0
DA:544,0
DA:545,0
DA:546,0
DA:549,0
DA:550,0
DA:552,0
DA:556,0
DA:557,0
DA:558,0
DA:559,0
DA:560,0
DA:563,0
DA:564,0
DA:565,0
DA:566,0
DA:567,0
DA:568,0
DA:569,0
DA:573,0
DA:577,0
DA:578,0
DA:583,0
DA:584,0
DA:585,0
DA:586,0
DA:588,0
DA:589,0
DA:590,0
DA:592,0
DA:593,0
DA:594,0
DA:600,0
DA:602,0
DA:603,0
DA:612,0
DA:613,0
DA:614,0
DA:615,0
DA:621,0
DA:622,0
DA:625,0
DA:626,0
DA:629,0
DA:631,0
DA:632,0
DA:634,0
DA:635,0
DA:636,0
DA:638,0
DA:640,0
DA:641,0
DA:642,0
DA:644,0
DA:658,0
DA:659,0
DA:660,0
DA:661,0
DA:663,0
DA:664,0
DA:665,0
DA:666,0
DA:668,0
DA:669,0
DA:671,0
DA:672,0
DA:673,0
DA:674,0
DA:675,0
DA:683,0
DA:684,0
DA:686,0
DA:687,0
DA:689,0
DA:690,0
DA:691,0
DA:692,0
DA:704,0
DA:705,0
DA:706,0
DA:708,0
DA:710,0
DA:712,0
DA:717,0
DA:718,0
DA:719,0
DA:721,0
DA:723,0
DA:724,0
DA:726,0
DA:728,0
DA:731,0
DA:732,0
DA:734,0
DA:743,0
DA:744,0
DA:746,0
DA:747,0
DA:748,0
DA:749,0
DA:751,0
DA:752,0
DA:754,0
DA:760,0
DA:762,0
DA:763,0
DA:767,0
DA:768,0
DA:769,0
DA:770,0
DA:779,0
DA:780,0
DA:795,0
DA:796,0
DA:797,0
DA:798,0
DA:799,0
DA:800,0
DA:802,0
DA:803,0
DA:805,0
DA:806,0
DA:807,0
DA:810,0
DA:811,0
DA:812,0
DA:821,0
DA:822,0
DA:823,0
DA:824,0
DA:825,0
DA:826,0
DA:827,0
DA:832,0
DA:833,0
DA:834,0
DA:835,0
DA:836,0
DA:837,0
DA:842,0
DA:862,1
DA:863,1
DA:864,1
DA:865,1
DA:866,2
DA:867,0
DA:869,0
DA:870,0
DA:872,0
DA:875,1
DA:882,1
DA:884,1
DA:885,1
DA:886,4
DA:889,1
DA:890,2
DA:891,1
DA:895,1
DA:899,1
DA:902,1
DA:903,1
DA:904,1
DA:905,2
DA:907,1
DA:908,1
DA:909,1
DA:910,1
DA:911,1
DA:912,1
DA:914,0
DA:927,0
DA:929,0
DA:930,0
DA:931,0
DA:934,0
DA:935,0
DA:936,0
DA:937,0
DA:938,0
DA:939,0
DA:940,0
DA:941,0
DA:942,0
DA:944,0
DA:946,0
DA:948,0
DA:950,0
DA:951,0
DA:952,0
DA:953,0
DA:954,0
DA:955,0
DA:956,0
DA:957,0
DA:958,0
DA:963,0
DA:964,0
DA:965,0
DA:967,0
DA:969,0
DA:971,0
DA:975,0
DA:976,0
DA:977,0
DA:986,0
DA:991,0
DA:992,0
DA:998,0
DA:999,0
DA:1001,0
DA:1003,0
DA:1004,0
DA:1005,0
DA:1006,0
DA:1008,0
DA:1009,0
DA:1010,0
DA:1011,0
DA:1012,0
DA:1013,0
DA:1014,0
DA:1015,0
DA:1016,0
DA:1017,0
DA:1019,0
DA:1021,0
DA:1022,0
DA:1025,0
DA:1028,0
DA:1038,0
DA:1040,0
DA:1041,0
DA:1042,0
DA:1044,0
DA:1045,0
DA:1046,0
DA:1049,0
DA:1051,0
DA:1053,0
DA:1054,0
DA:1057,0
DA:1067,0
DA:1068,0
DA:1070,0
DA:1072,0
DA:1073,0
DA:1074,0
DA:1076,0
DA:1086,0
DA:1087,0
DA:1097,0
DA:1098,0
DA:1101,0
DA:1115,0
DA:1116,0
DA:1117,0
DA:1118,0
DA:1120,0
DA:1122,0
DA:1123,0
DA:1125,0
DA:1126,0
DA:1127,0
DA:1129,0
DA:1133,0
DA:1134,0
DA:1135,0
DA:1137,0
DA:1138,0
DA:1139,0
DA:1140,0
DA:1141,0
DA:1142,0
DA:1154,0
DA:1155,0
DA:1156,0
DA:1157,0
DA:1158,0
DA:1159,0
DA:1165,0
DA:1166,0
DA:1168,0
DA:1169,0
DA:1171,0
DA:1172,0
DA:1173,0
DA:1175,0
DA:1189,0
DA:1195,0
DA:1196,0
DA:1213,0
DA:1215,0
DA:1216,0
DA:1219,0
DA:1221,0
DA:1222,0
DA:1227,0
DA:1228,0
DA:1230,0
DA:1231,0
DA:1235,0
DA:1236,0
DA:1238,0
DA:1239,0
DA:1248,0
DA:1249,0
DA:1251,0
DA:1252,0
DA:1254,0
DA:1255,0
DA:1258,0
DA:1261,0
DA:1262,0
DA:1264,0
DA:1265,0
DA:1266,0
DA:1267,0
DA:1268,0
DA:1271,0
DA:1272,0
DA:1273,0
DA:1274,0
DA:1275,0
DA:1279,0
DA:1280,0
DA:1282,0
DA:1285,0
DA:1286,0
DA:1287,0
DA:1288,0
DA:1289,0
DA:1291,0
DA:1295,0
DA:1296,0
DA:1297,0
DA:1298,0
DA:1299,0
DA:1300,0
DA:1303,0
DA:1304,0
DA:1305,0
DA:1306,0
DA:1307,0
DA:1310,0
DA:1312,0
DA:1313,0
DA:1316,0
DA:1318,0
DA:1321,0
DA:1322,0
DA:1324,0
DA:1325,0
DA:1326,0
DA:1327,0
DA:1328,0
DA:1329,0
DA:1331,0
DA:1333,0
DA:1334,0
DA:1335,0
DA:1336,0
DA:1343,0
DA:1347,0
DA:1359,0
DA:1360,0
DA:1361,0
DA:1362,0
DA:1363,0
DA:1366,0
DA:1367,0
DA:1369,0
DA:1370,0
DA:1371,0
DA:1372,0
DA:1373,0
DA:1375,0
DA:1376,0
DA:1380,0
DA:1381,0
DA:1387,0
DA:1388,0
DA:1389,0
DA:1393,0
DA:1394,0
DA:1396,0
DA:1402,0
DA:1415,0
DA:1416,0
DA:1417,0
DA:1425,0
DA:1426,0
DA:1427,0
DA:1428,0
DA:1429,0
DA:1430,0
DA:1431,0
DA:1433,0
DA:1434,0
DA:1436,0
DA:1437,0
DA:1439,0
DA:1441,0
DA:1451,0
DA:1452,0
DA:1453,0
DA:1454,0
DA:1455,0
DA:1456,0
DA:1457,0
DA:1458,0
DA:1459,0
DA:1461,0
DA:1462,0
DA:1464,0
DA:1465,0
DA:1467,0
DA:1469,0
DA:1472,0
DA:1474,0
DA:1486,0
DA:1487,0
DA:1488,0
DA:1489,0
DA:1490,0
DA:1491,0
DA:1492,0
DA:1494,0
DA:1495,0
DA:1496,0
DA:1498,0
DA:1499,0
DA:1501,0
DA:1502,0
DA:1503,0
DA:1504,0
DA:1506,0
DA:1507,0
DA:1508,0
DA:1511,0
DA:1512,0
DA:1513,0
DA:1514,0
DA:1517,0
DA:1518,0
DA:1519,0
DA:1521,0
DA:1522,0
DA:1542,0
DA:1543,0
DA:1544,0
DA:1547,0
DA:1549,0
DA:1563,0
DA:1568,0
DA:1569,0
DA:1575,0
DA:1577,0
DA:1578,0
DA:1579,0
DA:1580,0
DA:1583,0
DA:1585,0
DA:1587,0
DA:1588,0
DA:1589,0
DA:1590,0
DA:1592,0
DA:1596,0
DA:1597,0
LF:696
LH:47
end_of_record
SF:lib/screens/archive_browser_screen.dart
DA:13,0
DA:15,0
DA:16,0
DA:24,0
DA:26,0
DA:27,0
DA:30,0
DA:31,0
DA:32,0
DA:33,0
DA:36,0
DA:37,0
DA:40,0
DA:41,0
DA:42,0
DA:44,0
DA:45,0
DA:46,0
DA:47,0
DA:51,0
DA:52,0
DA:53,0
DA:54,0
DA:60,0
DA:61,0
DA:62,0
DA:63,0
DA:66,0
DA:68,0
DA:69,0
DA:70,0
DA:71,0
DA:72,0
DA:73,0
DA:75,0
DA:77,0
DA:79,0
DA:80,0
DA:81,0
DA:82,0
DA:83,0
DA:88,0
DA:89,0
DA:90,0
DA:91,0
DA:92,0
DA:96,0
DA:97,0
DA:98,0
DA:99,0
DA:113,0
DA:117,0
DA:118,0
DA:119,0
DA:120,0
DA:122,0
DA:125,0
DA:126,0
DA:132,0
DA:140,0
DA:144,0
DA:145,0
DA:146,0
DA:149,0
DA:150,0
DA:156,0
DA:157,0
DA:158,0
DA:159,0
DA:162,0
DA:163,0
DA:164,0
DA:165,0
DA:168,0
DA:169,0
DA:170,0
DA:172,0
DA:174,0
DA:175,0
DA:176,0
DA:177,0
DA:178,0
DA:183,0
DA:184,0
DA:185,0
DA:186,0
DA:187,0
DA:191,0
DA:192,0
DA:193,0
DA:194,0
DA:200,0
DA:201,0
DA:202,0
DA:203,0
DA:206,0
DA:207,0
DA:209,0
DA:211,0
DA:212,0
DA:213,0
DA:214,0
DA:215,0
DA:220,0
DA:221,0
DA:222,0
DA:225,0
DA:226,0
DA:227,0
DA:228,0
DA:234,0
DA:236,0
DA:237,0
DA:238,0
DA:239,0
DA:240,0
DA:241,0
DA:244,0
DA:245,0
DA:246,0
DA:247,0
DA:248,0
DA:251,0
DA:255,0
DA:257,0
DA:258,0
DA:259,0
DA:261,0
DA:262,0
DA:263,0
DA:268,0
DA:269,0
DA:270,0
DA:272,0
DA:275,0
DA:276,0
DA:277,0
DA:278,0
DA:279,0
DA:280,0
DA:281,0
DA:284,0
DA:285,0
DA:289,0
DA:290,0
DA:291,0
DA:293,0
DA:294,0
DA:295,0
DA:298,0
DA:300,0
DA:301,0
DA:302,0
DA:303,0
DA:307,0
DA:309,0
DA:310,0
DA:312,0
LF:158
LH:0
end_of_record
SF:lib/services/archive_service.dart
DA:22,1
DA:24,2
DA:25,1
DA:26,1
DA:29,1
DA:30,1
DA:31,1
DA:33,1
DA:34,1
DA:35,1
DA:36,3
DA:46,1
DA:48,1
DA:49,1
DA:52,1
DA:69,1
DA:74,0
DA:75,0
DA:85,2
DA:86,1
DA:89,4
DA:93,1
DA:94,0
DA:95,0
DA:109,10
DA:112,2
DA:114,1
DA:122,0
DA:125,2
DA:136,0
DA:142,0
DA:147,0
DA:148,0
DA:149,0
DA:150,0
DA:151,0
DA:152,0
DA:157,1
DA:161,1
DA:162,2
DA:164,6
DA:171,1
DA:172,2
DA:173,3
DA:174,2
DA:176,2
DA:177,1
DA:178,1
DA:179,3
DA:180,4
DA:187,1
DA:188,4
DA:189,2
DA:190,1
DA:191,2
DA:194,1
DA:195,2
DA:197,1
DA:198,4
DA:203,1
DA:204,1
DA:205,6
DA:214,1
DA:216,1
DA:217,3
DA:224,1
DA:226,0
DA:227,0
DA:241,1
DA:242,1
DA:251,1
DA:254,3
DA:288,1
DA:289,2
DA:290,1
DA:291,1
DA:292,1
DA:293,1
DA:296,2
DA:297,2
DA:301,1
DA:302,2
DA:303,1
DA:304,1
DA:305,1
DA:308,2
DA:309,1
DA:334,2
DA:339,4
DA:340,4
DA:343,2
DA:344,1
DA:345,1
DA:350,2
DA:351,1
DA:352,1
DA:357,4
DA:358,1
DA:359,1
DA:365,2
DA:366,2
DA:367,2
DA:369,4
DA:373,2
DA:375,0
DA:376,0
DA:379,2
DA:383,2
DA:384,2
DA:386,1
DA:387,3
DA:389,1
DA:390,1
DA:391,2
DA:392,1
DA:397,0
DA:400,1
DA:401,1
DA:402,2
DA:403,1
DA:408,0
DA:411,1
DA:412,0
DA:413,2
DA:414,1
DA:419,0
DA:424,0
DA:425,0
DA:426,0
DA:427,0
DA:428,0
DA:429,0
DA:430,0
DA:431,0
DA:432,0
DA:433,0
DA:435,0
DA:439,2
DA:440,1
DA:445,4
DA:446,2
DA:447,1
DA:452,4
DA:453,6
DA:454,2
DA:455,0
DA:457,0
DA:463,2
DA:466,0
DA:467,0
DA:468,0
DA:472,4
DA:473,2
DA:477,2
DA:479,4
DA:481,2
DA:482,2
DA:483,1
DA:485,2
DA:486,2
DA:487,8
DA:491,2
DA:494,2
DA:495,2
DA:496,6
DA:497,0
DA:501,2
DA:502,0
DA:504,4
DA:505,2
DA:506,2
DA:508,0
DA:513,4
DA:515,2
DA:524,1
DA:526,2
DA:527,2
DA:528,1
DA:536,0
DA:537,0
DA:538,0
DA:539,0
DA:540,0
DA:541,0
DA:542,0
DA:543,0
DA:544,0
DA:545,0
DA:564,1
DA:567,1
DA:570,1
DA:572,1
DA:574,3
DA:577,2
DA:578,2
DA:580,1
DA:582,0
DA:585,0
DA:586,0
DA:589,2
DA:594,0
DA:597,0
DA:599,0
DA:600,0
DA:601,0
DA:602,0
DA:604,0
DA:605,0
DA:606,0
DA:607,0
DA:608,0
DA:611,0
DA:616,1
DA:626,2
DA:627,0
DA:629,1
DA:630,1
DA:631,0
DA:633,1
DA:634,0
DA:636,1
DA:637,4
DA:638,2
DA:640,1
DA:641,6
DA:643,0
DA:645,1
DA:648,1
DA:649,1
DA:650,3
DA:651,0
DA:652,0
DA:655,3
DA:656,2
DA:657,2
DA:658,1
DA:662,2
DA:666,4
DA:667,4
DA:668,2
DA:669,2
DA:670,2
DA:672,2
DA:674,2
DA:675,5
DA:677,2
DA:678,0
DA:680,2
DA:681,0
DA:683,2
DA:684,0
DA:685,0
DA:691,2
DA:692,2
DA:693,1
DA:694,0
DA:695,1
DA:696,1
DA:697,0
DA:698,1
DA:699,1
DA:700,0
DA:701,1
DA:702,1
DA:703,0
DA:704,1
DA:705,1
DA:706,1
DA:710,0
DA:711,0
DA:712,0
DA:716,0
DA:717,0
DA:718,0
DA:723,0
DA:735,2
DA:740,4
DA:741,2
DA:742,4
DA:743,2
DA:749,1
DA:750,2
DA:751,2
DA:752,4
DA:758,1
DA:762,2
DA:763,1
DA:764,2
DA:765,1
DA:767,2
DA:768,2
DA:775,1
DA:779,2
DA:780,1
DA:781,2
DA:782,1
DA:784,2
DA:785,2
DA:786,2
DA:792,1
DA:796,2
DA:797,1
DA:798,2
DA:799,1
DA:801,2
DA:802,2
DA:803,2
DA:809,1
DA:813,2
DA:814,1
DA:815,2
DA:816,1
DA:818,2
DA:819,2
DA:820,2
DA:831,2
DA:832,2
DA:833,2
DA:834,3
DA:835,2
DA:836,4
DA:837,6
DA:838,1
DA:839,3
DA:840,2
DA:851,0
DA:865,1
LF:327
LH:240
end_of_record
SF:lib/services/open_with_service.dart
DA:14,0
DA:15,0
DA:16,0
DA:17,0
DA:25,0
DA:27,0
DA:38,0
DA:41,0
DA:46,0
DA:48,0
DA:52,0
DA:53,0
DA:54,0
LF:13
LH:0
end_of_record
SF:lib/screens/cbz_reader_screen.dart
DA:14,0
DA:16,0
DA:17,0
DA:33,0
DA:35,0
DA:36,0
DA:39,0
DA:41,0
DA:42,0
DA:43,0
DA:46,0
DA:47,0
DA:48,0
DA:49,0
DA:50,0
DA:51,0
DA:58,0
DA:59,0
DA:62,0
DA:63,0
DA:64,0
DA:65,0
DA:66,0
DA:67,0
DA:68,0
DA:69,0
DA:71,0
DA:72,0
DA:73,0
DA:74,0
DA:79,0
DA:80,0
DA:81,0
DA:82,0
DA:84,0
DA:85,0
DA:86,0
DA:89,0
DA:90,0
DA:91,0
DA:96,0
DA:98,0
DA:99,0
DA:100,0
DA:101,0
DA:103,0
DA:106,0
DA:108,0
DA:110,0
DA:111,0
DA:113,0
DA:117,0
DA:118,0
DA:119,0
DA:120,0
DA:121,0
DA:122,0
DA:123,0
DA:125,0
DA:126,0
DA:128,0
DA:129,0
DA:136,0
DA:138,0
DA:139,0
DA:140,0
DA:142,0
DA:144,0
DA:145,0
DA:146,0
DA:147,0
DA:148,0
DA:149,0
DA:151,0
DA:153,0
DA:156,0
DA:157,0
DA:158,0
DA:160,0
DA:163,0
DA:171,0
DA:173,0
DA:177,0
DA:186,0
DA:187,0
DA:188,0
DA:191,0
DA:193,0
DA:194,0
DA:205,0
DA:209,0
DA:218,0
DA:220,0
DA:222,0
DA:223,0
DA:229,0
DA:230,0
DA:232,0
DA:233,0
DA:234,0
DA:236,0
DA:238,0
DA:241,0
DA:243,0
DA:244,0
DA:245,0
DA:246,0
DA:253,0
DA:254,0
DA:255,0
LF:110
LH:0
end_of_record
SF:lib/screens/docx_reader_screen.dart
DA:14,1
DA:16,1
DA:17,1
DA:35,1
DA:37,1
DA:38,2
DA:42,4
DA:43,4
DA:44,1
DA:47,1
DA:49,2
DA:50,1
DA:53,1
DA:54,1
DA:60,1
DA:61,6
DA:62,1
DA:63,4
DA:64,4
DA:68,0
DA:69,0
DA:72,1
DA:74,3
DA:75,4
DA:76,0
DA:77,0
DA:79,0
DA:83,5
DA:85,1
DA:87,2
DA:88,1
DA:89,1
DA:90,1
DA:91,1
DA:92,1
DA:93,2
DA:94,1
DA:95,1
DA:96,2
DA:99,1
DA:100,1
DA:101,2
DA:103,5
DA:106,1
DA:107,1
DA:108,3
DA:110,0
DA:111,1
DA:113,1
DA:114,4
DA:115,2
DA:120,1
DA:121,2
DA:123,5
DA:127,1
DA:128,0
DA:129,1
DA:130,3
DA:131,3
DA:132,0
DA:133,0
DA:135,0
DA:138,1
DA:139,1
DA:140,1
DA:141,1
DA:142,1
DA:147,0
DA:148,0
DA:149,0
DA:151,0
DA:153,0
DA:154,0
DA:156,0
DA:158,0
DA:161,0
DA:163,0
DA:182,1
DA:189,1
DA:191,2
DA:192,1
DA:193,1
DA:194,1
DA:195,5
DA:196,1
DA:201,1
DA:202,1
DA:203,1
DA:205,3
DA:206,1
DA:207,3
DA:208,1
DA:210,1
DA:224,1
DA:226,1
DA:228,1
DA:229,3
DA:230,3
DA:231,1
DA:232,3
DA:233,0
DA:234,0
DA:241,1
DA:242,1
DA:243,1
DA:244,0
DA:245,0
DA:246,0
DA:247,0
DA:250,1
DA:251,3
DA:252,1
DA:253,1
DA:254,1
DA:255,1
DA:257,2
DA:264,1
DA:265,1
DA:266,1
DA:267,2
DA:268,1
DA:272,0
DA:273,0
DA:275,0
DA:276,0
DA:277,0
DA:279,0
DA:281,0
DA:282,0
DA:284,0
DA:285,0
DA:286,0
DA:287,0
DA:293,0
DA:294,0
DA:295,0
DA:296,0
DA:297,0
DA:307,1
DA:311,2
DA:313,7
DA:314,1
DA:315,1
DA:316,2
DA:317,1
DA:319,1
DA:320,1
DA:321,5
DA:322,3
DA:323,1
DA:324,1
DA:326,1
DA:327,3
DA:328,1
DA:329,1
DA:330,1
DA:331,1
DA:332,1
DA:333,1
DA:334,1
DA:337,1
DA:338,4
DA:339,3
DA:341,1
DA:342,1
DA:344,1
DA:361,0
DA:364,0
DA:365,0
DA:367,0
DA:369,0
DA:370,0
DA:371,0
DA:375,0
DA:377,0
DA:378,0
DA:380,0
DA:384,0
DA:385,0
DA:387,0
DA:400,1
DA:406,1
DA:408,2
DA:409,2
DA:412,1
DA:413,1
DA:414,2
DA:415,1
DA:417,0
DA:419,0
DA:421,0
DA:423,0
DA:424,0
DA:426,0
DA:429,0
DA:430,0
DA:432,0
DA:441,2
DA:442,0
DA:445,2
DA:446,2
DA:447,3
DA:448,3
DA:449,3
DA:450,1
DA:451,1
DA:452,0
DA:453,1
DA:454,3
DA:456,2
DA:460,0
DA:461,0
DA:463,0
DA:464,0
DA:469,1
DA:470,2
DA:471,1
DA:476,3
DA:480,2
DA:485,2
DA:486,2
DA:487,1
DA:489,1
DA:490,1
DA:491,1
DA:492,1
DA:493,1
DA:494,1
DA:496,1
DA:497,1
DA:499,0
DA:500,1
DA:505,0
DA:506,0
DA:508,0
DA:509,0
LF:236
LH:159
end_of_record
SF:lib/screens/epub_reader_screen.dart
DA:15,0
DA:17,0
DA:18,0
DA:30,0
DA:32,0
DA:33,0
DA:36,0
DA:38,0
DA:39,0
DA:42,0
DA:44,0
DA:45,0
DA:48,0
DA:49,0
DA:50,0
DA:51,0
DA:53,0
DA:54,0
DA:55,0
DA:56,0
DA:59,0
DA:60,0
DA:61,0
DA:62,0
DA:65,0
DA:66,0
DA:68,0
DA:69,0
DA:70,0
DA:71,0
DA:72,0
DA:73,0
DA:78,0
DA:79,0
DA:80,0
DA:81,0
DA:82,0
DA:83,0
DA:86,0
DA:87,0
DA:88,0
DA:90,0
DA:91,0
DA:92,0
DA:93,0
DA:94,0
DA:96,0
DA:97,0
DA:98,0
DA:99,0
DA:100,0
DA:101,0
DA:109,0
DA:110,0
DA:111,0
DA:112,0
DA:114,0
DA:115,0
DA:117,0
DA:118,0
DA:119,0
DA:120,0
DA:121,0
DA:122,0
DA:123,0
DA:124,0
DA:127,0
DA:128,0
DA:130,0
DA:131,0
DA:132,0
DA:138,0
DA:140,0
DA:141,0
DA:142,0
DA:143,0
DA:144,0
DA:145,0
DA:146,0
DA:147,0
DA:148,0
DA:149,0
DA:150,0
DA:151,0
DA:152,0
DA:153,0
DA:154,0
DA:155,0
DA:159,0
DA:160,0
DA:161,0
DA:164,0
DA:166,0
DA:168,0
DA:169,0
DA:170,0
DA:171,0
DA:175,0
DA:176,0
DA:177,0
DA:178,0
DA:179,0
DA:180,0
DA:181,0
DA:183,0
DA:184,0
DA:186,0
DA:187,0
DA:194,0
DA:195,0
DA:196,0
DA:197,0
DA:198,0
DA:199,0
DA:200,0
DA:203,0
DA:205,0
DA:206,0
DA:207,0
DA:208,0
DA:212,0
DA:213,0
DA:214,0
DA:215,0
DA:219,0
DA:220,0
DA:221,0
DA:226,0
DA:227,0
DA:229,0
DA:230,0
DA:232,0
DA:234,0
DA:235,0
DA:236,0
DA:237,0
DA:239,0
DA:240,0
DA:241,0
DA:246,0
DA:247,0
DA:248,0
DA:249,0
DA:250,0
DA:251,0
DA:252,0
DA:254,0
DA:255,0
DA:256,0
DA:257,0
DA:258,0
DA:267,0
DA:268,0
DA:270,0
DA:272,0
DA:273,0
DA:274,0
DA:275,0
DA:277,0
DA:278,0
DA:279,0
DA:281,0
DA:282,0
DA:283,0
DA:285,0
DA:286,0
DA:287,0
DA:297,0
DA:298,0
DA:300,0
DA:301,0
DA:302,0
DA:303,0
DA:305,0
DA:306,0
DA:307,0
DA:309,0
DA:310,0
DA:311,0
DA:312,0
DA:313,0
DA:314,0
DA:316,0
DA:317,0
DA:318,0
DA:319,0
DA:325,0
DA:327,0
DA:328,0
DA:329,0
DA:344,0
LF:191
LH:0
end_of_record
SF:lib/screens/image_viewer_screen.dart
DA:21,0
DA:23,0
DA:24,0
DA:33,0
DA:34,0
DA:35,0
DA:37,0
DA:39,0
DA:41,0
DA:42,0
DA:45,0
DA:47,0
DA:48,0
DA:49,0
DA:50,0
DA:53,0
DA:54,0
DA:55,0
DA:56,0
DA:57,0
DA:58,0
DA:61,0
DA:62,0
DA:63,0
DA:66,0
DA:68,0
DA:69,0
DA:71,0
DA:73,0
DA:77,0
DA:78,0
DA:82,0
DA:83,0
DA:85,0
DA:86,0
DA:88,0
DA:89,0
DA:90,0
DA:96,0
DA:99,0
DA:100,0
DA:103,0
DA:106,0
DA:109,0
DA:112,0
DA:114,0
DA:120,0
DA:121,0
DA:122,0
DA:126,0
DA:127,0
DA:128,0
DA:129,0
DA:130,0
DA:131,0
DA:135,0
DA:136,0
DA:137,0
DA:138,0
DA:139,0
DA:142,0
DA:145,0
DA:146,0
DA:157,0
DA:158,0
DA:159,0
DA:160,0
DA:162,0
DA:163,0
DA:165,0
DA:167,0
DA:168,0
DA:169,0
DA:171,0
DA:172,0
DA:180,0
DA:181,0
DA:182,0
DA:183,0
DA:186,0
DA:187,0
DA:189,0
DA:191,0
DA:194,0
DA:195,0
DA:199,0
DA:200,0
DA:202,0
DA:204,0
DA:205,0
DA:206,0
DA:219,0
DA:220,0
DA:221,0
DA:222,0
DA:224,0
LF:96
LH:0
end_of_record
SF:lib/screens/music_player_screen.dart
DA:13,0
DA:19,0
DA:20,0
DA:43,0
DA:45,0
DA:46,0
DA:49,0
DA:50,0
DA:51,0
DA:52,0
DA:53,0
DA:55,0
DA:56,0
DA:57,0
DA:58,0
DA:60,0
DA:62,0
DA:63,0
DA:64,0
DA:65,0
DA:66,0
DA:70,0
DA:73,0
DA:74,0
DA:75,0
DA:76,0
DA:77,0
DA:79,0
DA:80,0
DA:81,0
DA:82,0
DA:85,0
DA:86,0
DA:89,0
DA:91,0
DA:92,0
DA:93,0
DA:96,0
DA:97,0
DA:98,0
DA:99,0
DA:102,0
DA:103,0
DA:104,0
DA:106,0
DA:107,0
DA:111,0
DA:112,0
DA:113,0
DA:114,0
DA:115,0
DA:117,0
DA:118,0
DA:120,0
DA:122,0
DA:123,0
DA:128,0
DA:129,0
DA:130,0
DA:131,0
DA:132,0
DA:133,0
DA:136,0
DA:137,0
DA:139,0
DA:140,0
DA:141,0
DA:142,0
DA:143,0
DA:146,0
DA:153,0
DA:154,0
DA:155,0
DA:156,0
DA:157,0
DA:159,0
DA:160,0
DA:162,0
DA:164,0
DA:165,0
DA:170,0
DA:171,0
DA:172,0
DA:173,0
DA:174,0
DA:175,0
DA:177,0
DA:178,0
DA:179,0
DA:182,0
DA:183,0
DA:184,0
DA:185,0
DA:186,0
DA:187,0
DA:189,0
DA:190,0
DA:191,0
DA:194,0
DA:200,0
DA:201,0
DA:202,0
DA:204,0
DA:205,0
DA:206,0
DA:209,0
DA:210,0
DA:211,0
DA:212,0
DA:213,0
DA:214,0
DA:220,0
DA:221,0
DA:222,0
DA:223,0
DA:224,0
DA:225,0
DA:231,0
DA:232,0
DA:233,0
DA:234,0
DA:235,0
DA:240,0
DA:241,0
DA:242,0
DA:243,0
DA:244,0
DA:245,0
DA:252,0
DA:253,0
DA:255,0
DA:258,0
DA:259,0
DA:260,0
DA:263,0
DA:264,0
DA:265,0
DA:267,0
DA:274,0
DA:275,0
DA:277,0
DA:279,0
DA:280,0
DA:281,0
DA:282,0
DA:283,0
DA:284,0
DA:285,0
DA:287,0
DA:288,0
DA:289,0
DA:290,0
DA:292,0
DA:295,0
DA:297,0
DA:298,0
DA:300,0
DA:301,0
DA:307,0
DA:308,0
DA:310,0
DA:312,0
DA:313,0
DA:316,0
DA:319,0
DA:320,0
DA:321,0
DA:322,0
DA:334,0
DA:337,0
DA:338,0
DA:339,0
DA:340,0
DA:342,0
DA:345,0
DA:351,0
DA:353,0
DA:354,0
DA:355,0
DA:356,0
DA:366,0
DA:367,0
DA:368,0
DA:373,0
DA:374,0
DA:375,0
DA:376,0
DA:377,0
DA:378,0
DA:379,0
DA:380,0
DA:381,0
DA:382,0
DA:384,0
DA:385,0
DA:390,0
DA:391,0
DA:392,0
DA:393,0
DA:394,0
DA:399,0
DA:401,0
DA:403,0
DA:404,0
DA:405,0
DA:406,0
DA:407,0
DA:411,0
DA:412,0
DA:413,0
DA:414,0
DA:428,0
DA:430,0
DA:431,0
DA:432,0
DA:434,0
DA:438,0
DA:441,0
DA:442,0
DA:443,0
DA:444,0
DA:445,0
DA:446,0
DA:451,0
DA:454,0
DA:459,0
DA:460,0
DA:462,0
DA:466,0
DA:473,0
DA:475,0
DA:477,0
DA:478,0
DA:480,0
DA:481,0
DA:482,0
DA:485,0
DA:486,0
DA:489,0
DA:490,0
DA:491,0
DA:492,0
DA:494,0
DA:500,0
DA:501,0
DA:502,0
DA:507,0
DA:508,0
DA:509,0
DA:510,0
DA:511,0
DA:513,0
DA:515,0
DA:516,0
DA:517,0
DA:518,0
DA:519,0
DA:520,0
DA:529,0
DA:530,0
DA:531,0
DA:534,0
DA:535,0
DA:536,0
DA:539,0
DA:546,0
DA:547,0
DA:548,0
DA:549,0
DA:550,0
DA:551,0
DA:552,0
DA:553,0
DA:555,0
DA:559,0
DA:560,0
DA:562,0
DA:564,0
DA:566,0
DA:567,0
DA:575,0
DA:583,0
LF:282
LH:0
end_of_record
SF:lib/services/audio_handler.dart
DA:46,0
DA:48,0
DA:49,0
DA:50,0
DA:51,0
DA:52,0
DA:53,0
DA:54,0
DA:55,0
DA:57,0
DA:58,0
DA:59,0
DA:73,0
DA:76,0
DA:77,0
DA:78,0
DA:79,0
DA:85,0
DA:86,0
DA:88,0
DA:89,0
DA:90,0
DA:91,0
DA:92,0
DA:93,0
DA:94,0
DA:95,0
DA:104,0
DA:107,0
DA:108,0
DA:109,0
DA:110,0
DA:112,0
DA:116,0
DA:117,0
DA:124,0
DA:126,0
DA:127,0
DA:128,0
DA:130,0
DA:135,0
DA:136,0
DA:137,0
DA:138,0
DA:139,0
DA:140,0
DA:141,0
DA:142,0
DA:144,0
DA:145,0
DA:146,0
DA:148,0
DA:149,0
DA:150,0
DA:153,0
DA:154,0
DA:157,0
DA:158,0
DA:161,0
DA:163,0
DA:164,0
DA:166,0
DA:167,0
DA:174,0
DA:175,0
DA:178,0
DA:179,0
DA:180,0
DA:181,0
DA:184,0
DA:186,0
DA:188,0
DA:190,0
DA:191,0
DA:194,0
DA:198,0
DA:199,0
DA:200,0
DA:201,0
DA:202,0
DA:204,0
DA:205,0
DA:206,0
DA:207,0
DA:208,0
DA:209,0
DA:211,0
DA:213,0
DA:215,0
DA:217,0
DA:222,0
DA:223,0
DA:225,0
DA:227,0
DA:228,0
DA:231,0
DA:233,0
DA:234,0
DA:237,0
DA:239,0
DA:240,0
DA:241,0
DA:244,0
DA:246,0
DA:247,0
DA:248,0
DA:251,0
DA:253,0
DA:254,0
DA:255,0
DA:258,0
DA:259,0
DA:260,0
DA:265,0
DA:268,0
DA:270,0
DA:271,0
DA:272,0
DA:278,0
DA:279,0
DA:280,0
DA:281,0
DA:282,0
DA:283,0
DA:284,0
DA:285,0
DA:286,0
DA:287,0
DA:291,0
DA:293,0
DA:297,0
DA:299,0
DA:303,0
DA:304,0
LF:134
LH:0
end_of_record
SF:lib/screens/pdf_reader_screen.dart
DA:21,0
DA:28,0
DA:29,0
DA:30,0
DA:31,0
DA:32,0
DA:33,0
DA:34,0
DA:37,0
DA:38,0
DA:39,0
DA:40,0
DA:41,0
DA:58,0
DA:60,0
DA:61,0
DA:111,0
DA:112,0
DA:113,0
DA:118,0
DA:120,0
DA:121,0
DA:126,0
DA:127,0
DA:128,0
DA:129,0
DA:130,0
DA:133,0
DA:135,0
DA:136,0
DA:137,0
DA:138,0
DA:139,0
DA:140,0
DA:141,0
DA:142,0
DA:143,0
DA:147,0
DA:148,0
DA:149,0
DA:150,0
DA:154,0
DA:155,0
DA:156,0
DA:157,0
DA:158,0
DA:161,0
DA:162,0
DA:163,0
DA:165,0
DA:170,0
DA:171,0
DA:172,0
DA:173,0
DA:174,0
DA:175,0
DA:177,0
DA:178,0
DA:179,0
DA:181,0
DA:186,0
DA:187,0
DA:188,0
DA:189,0
DA:194,0
DA:198,0
DA:200,0
DA:201,0
DA:202,0
DA:204,0
DA:209,0
DA:210,0
DA:211,0
DA:212,0
DA:213,0
DA:214,0
DA:215,0
DA:216,0
DA:218,0
DA:220,0
DA:226,0
DA:227,0
DA:228,0
DA:231,0
DA:232,0
DA:233,0
DA:234,0
DA:235,0
DA:240,0
DA:241,0
DA:242,0
DA:243,0
DA:244,0
DA:246,0
DA:247,0
DA:248,0
DA:249,0
DA:250,0
DA:255,0
DA:256,0
DA:257,0
DA:258,0
DA:259,0
DA:262,0
DA:263,0
DA:264,0
DA:265,0
DA:267,0
DA:268,0
DA:269,0
DA:270,0
DA:272,0
DA:273,0
DA:274,0
DA:275,0
DA:276,0
DA:277,0
DA:278,0
DA:279,0
DA:280,0
DA:281,0
DA:285,0
DA:286,0
DA:287,0
DA:288,0
DA:289,0
DA:290,0
DA:291,0
DA:296,0
DA:297,0
DA:298,0
DA:299,0
DA:304,0
DA:305,0
DA:306,0
DA:309,0
DA:310,0
DA:313,0
DA:314,0
DA:315,0
DA:316,0
DA:319,0
DA:320,0
DA:321,0
DA:324,0
DA:325,0
DA:326,0
DA:327,0
DA:328,0
DA:333,0
DA:334,0
DA:335,0
DA:336,0
DA:337,0
DA:338,0
DA:342,0
DA:346,0
DA:347,0
DA:348,0
DA:349,0
DA:350,0
DA:358,0
DA:359,0
DA:362,0
DA:363,0
DA:364,0
DA:365,0
DA:366,0
DA:367,0
DA:368,0
DA:371,0
DA:375,0
DA:376,0
DA:377,0
DA:380,0
DA:381,0
DA:382,0
DA:383,0
DA:384,0
DA:386,0
DA:387,0
DA:388,0
DA:394,0
DA:395,0
DA:396,0
DA:397,0
DA:398,0
DA:401,0
DA:402,0
DA:403,0
DA:404,0
DA:405,0
DA:411,0
DA:412,0
DA:413,0
DA:415,0
DA:416,0
DA:417,0
DA:421,0
DA:423,0
DA:424,0
DA:428,0
DA:429,0
DA:430,0
DA:432,0
DA:433,0
DA:434,0
DA:435,0
DA:436,0
DA:437,0
DA:438,0
DA:439,0
DA:440,0
DA:442,0
DA:444,0
DA:445,0
DA:454,0
DA:457,0
DA:458,0
DA:462,0
DA:465,0
DA:466,0
DA:467,0
DA:468,0
DA:474,0
DA:475,0
DA:480,0
DA:482,0
DA:484,0
DA:486,0
DA:487,0
DA:491,0
DA:493,0
DA:498,0
DA:499,0
DA:506,0
DA:507,0
DA:508,0
DA:519,0
DA:520,0
DA:522,0
DA:523,0
DA:525,0
DA:526,0
DA:527,0
DA:532,0
DA:537,0
DA:538,0
DA:541,0
DA:543,0
DA:544,0
DA:552,0
DA:553,0
DA:554,0
DA:555,0
DA:556,0
DA:567,0
DA:571,0
DA:572,0
DA:573,0
DA:575,0
DA:577,0
DA:578,0
DA:579,0
DA:580,0
DA:581,0
DA:587,0
DA:588,0
DA:589,0
DA:590,0
DA:595,0
DA:596,0
DA:597,0
DA:606,0
DA:608,0
DA:609,0
DA:616,0
DA:618,0
DA:619,0
DA:621,0
DA:623,0
DA:624,0
DA:626,0
DA:629,0
DA:630,0
DA:631,0
DA:633,0
DA:634,0
DA:635,0
DA:637,0
DA:638,0
DA:639,0
DA:640,0
DA:641,0
DA:642,0
DA:643,0
DA:644,0
DA:651,0
DA:652,0
DA:653,0
DA:654,0
DA:655,0
DA:662,0
DA:663,0
DA:664,0
DA:665,0
DA:670,0
DA:671,0
DA:672,0
DA:673,0
DA:674,0
DA:680,0
DA:681,0
DA:682,0
DA:684,0
DA:689,0
DA:693,0
DA:697,0
DA:698,0
DA:702,0
DA:703,0
DA:704,0
DA:709,0
DA:710,0
DA:711,0
DA:713,0
DA:714,0
DA:716,0
DA:721,0
DA:722,0
DA:725,0
DA:726,0
DA:733,0
DA:734,0
DA:747,0
DA:748,0
DA:752,0
DA:753,0
DA:754,0
DA:755,0
DA:758,0
DA:759,0
DA:760,0
DA:761,0
DA:762,0
DA:764,0
DA:769,0
DA:770,0
DA:772,0
DA:775,0
DA:784,0
DA:785,0
DA:794,0
DA:795,0
DA:796,0
DA:804,0
DA:806,0
DA:808,0
DA:809,0
DA:810,0
DA:812,0
DA:814,0
DA:815,0
DA:816,0
DA:817,0
DA:818,0
DA:824,0
DA:828,0
DA:834,0
DA:838,0
DA:840,0
DA:843,0
DA:844,0
DA:845,0
DA:857,0
DA:863,0
DA:869,0
DA:876,0
DA:877,0
DA:884,0
DA:886,0
DA:887,0
DA:890,0
DA:892,0
DA:895,0
DA:897,0
DA:903,0
DA:905,0
DA:908,0
DA:910,0
DA:913,0
DA:914,0
DA:915,0
DA:925,0
DA:926,0
DA:927,0
DA:929,0
DA:930,0
DA:931,0
DA:934,0
DA:935,0
DA:936,0
DA:937,0
DA:939,0
DA:946,0
DA:947,0
DA:956,0
DA:958,0
DA:959,0
DA:960,0
DA:962,0
DA:963,0
DA:965,0
DA:966,0
DA:967,0
DA:972,0
DA:974,0
DA:976,0
DA:977,0
DA:986,0
DA:987,0
DA:988,0
DA:1001,0
DA:1002,0
DA:1004,0
DA:1007,0
DA:1008,0
DA:1009,0
DA:1010,0
DA:1014,0
DA:1016,0
DA:1017,0
DA:1019,0
DA:1020,0
DA:1021,0
DA:1025,0
DA:1026,0
DA:1028,0
DA:1029,0
DA:1036,0
DA:1037,0
DA:1038,0
DA:1040,0
DA:1041,0
DA:1050,0
DA:1051,0
DA:1058,0
DA:1059,0
DA:1060,0
DA:1061,0
DA:1063,0
DA:1064,0
DA:1065,0
DA:1067,0
DA:1069,0
DA:1070,0
DA:1074,0
DA:1078,0
DA:1079,0
DA:1091,0
DA:1092,0
DA:1093,0
DA:1094,0
DA:1095,0
DA:1096,0
DA:1098,0
DA:1100,0
DA:1101,0
DA:1102,0
DA:1103,0
DA:1105,0
DA:1107,0
DA:1108,0
DA:1110,0
DA:1112,0
DA:1113,0
DA:1122,0
DA:1123,0
DA:1124,0
DA:1125,0
DA:1126,0
DA:1129,0
DA:1130,0
DA:1131,0
DA:1138,0
DA:1141,0
DA:1142,0
DA:1143,0
DA:1147,0
DA:1149,0
DA:1162,0
DA:1163,0
DA:1176,0
DA:1177,0
DA:1178,0
DA:1180,0
DA:1184,0
DA:1185,0
DA:1186,0
DA:1193,0
DA:1194,0
DA:1195,0
DA:1201,0
DA:1212,0
DA:1213,0
DA:1214,0
DA:1225,0
DA:1226,0
DA:1227,0
DA:1233,0
DA:1243,0
DA:1244,0
DA:1245,0
DA:1246,0
DA:1247,0
DA:1252,0
DA:1253,0
DA:1254,0
DA:1260,0
DA:1261,0
DA:1262,0
DA:1263,0
DA:1272,0
DA:1273,0
DA:1275,0
DA:1276,0
DA:1290,0
DA:1291,0
DA:1292,0
DA:1293,0
DA:1294,0
DA:1295,0
DA:1298,0
DA:1303,0
DA:1304,0
DA:1314,0
DA:1315,0
DA:1316,0
DA:1322,0
DA:1323,0
DA:1326,0
DA:1327,0
DA:1328,0
DA:1329,0
DA:1335,0
DA:1338,0
DA:1339,0
DA:1340,0
DA:1341,0
DA:1342,0
DA:1347,0
DA:1349,0
DA:1352,0
DA:1362,0
DA:1363,0
DA:1373,0
DA:1375,0
DA:1377,0
DA:1378,0
DA:1379,0
DA:1380,0
DA:1386,0
DA:1387,0
DA:1390,0
DA:1396,0
DA:1397,0
DA:1398,0
DA:1399,0
DA:1402,0
DA:1403,0
DA:1404,0
DA:1413,0
DA:1417,0
DA:1419,0
DA:1422,0
DA:1423,0
DA:1428,0
DA:1429,0
DA:1431,0
DA:1433,0
DA:1445,0
DA:1446,0
DA:1456,0
DA:1458,0
DA:1461,0
DA:1464,0
DA:1465,0
DA:1466,0
DA:1476,0
DA:1477,0
DA:1479,0
DA:1483,0
DA:1484,0
DA:1485,0
DA:1486,0
DA:1501,0
DA:1502,0
DA:1504,0
DA:1505,0
DA:1525,0
DA:1531,0
DA:1533,0
DA:1534,0
DA:1535,0
DA:1536,0
DA:1537,0
DA:1538,0
DA:1539,0
DA:1541,0
DA:1542,0
DA:1543,0
DA:1544,0
DA:1545,0
DA:1546,0
DA:1547,0
DA:1548,0
DA:1550,0
DA:1551,0
DA:1552,0
DA:1553,0
DA:1554,0
DA:1555,0
DA:1560,0
DA:1562,0
DA:1563,0
DA:1564,0
DA:1570,0
DA:1572,0
DA:1574,0
DA:1575,0
DA:1576,0
DA:1577,0
DA:1578,0
DA:1579,0
DA:1580,0
DA:1581,0
DA:1582,0
DA:1583,0
DA:1584,0
DA:1586,0
DA:1587,0
DA:1588,0
DA:1589,0
DA:1590,0
DA:1591,0
DA:1592,0
DA:1593,0
DA:1599,0
DA:1600,0
DA:1611,0
LF:650
LH:0
end_of_record
SF:lib/services/share_service.dart
DA:15,0
DA:16,0
DA:17,0
DA:19,0
DA:23,0
DA:25,0
LF:6
LH:0
end_of_record
SF:lib/screens/spreadsheet_viewer_screen.dart
DA:16,0
DA:18,0
DA:20,0
DA:28,0
DA:29,0
DA:30,0
DA:32,0
DA:34,0
DA:35,0
DA:36,0
DA:37,0
DA:38,0
DA:39,0
DA:41,0
DA:42,0
DA:45,0
DA:48,0
DA:50,0
DA:51,0
DA:53,0
DA:56,0
DA:61,0
DA:62,0
DA:63,0
DA:64,0
DA:65,0
DA:66,0
DA:67,0
DA:68,0
DA:70,0
DA:71,0
DA:74,0
DA:75,0
DA:76,0
DA:78,0
DA:79,0
DA:80,0
DA:82,0
DA:83,0
DA:84,0
DA:86,0
DA:89,0
DA:94,0
DA:95,0
DA:96,0
DA:102,0
DA:182,0
DA:184,0
DA:188,0
DA:189,0
DA:190,0
DA:191,0
DA:193,0
DA:208,0
DA:210,0
DA:212,0
DA:213,0
DA:214,0
DA:215,0
DA:216,0
DA:217,0
DA:218,0
DA:219,0
DA:220,0
DA:222,0
DA:223,0
DA:224,0
DA:226,0
DA:230,0
DA:231,0
DA:232,0
DA:233,0
DA:234,0
DA:236,0
DA:238,0
DA:239,0
DA:240,0
DA:242,0
DA:243,0
DA:244,0
DA:247,0
DA:248,0
DA:249,0
DA:256,0
DA:257,0
DA:258,0
LF:86
LH:0
end_of_record
SF:lib/screens/text_reader_screen.dart
DA:21,0
DA:23,0
DA:24,0
DA:36,0
DA:37,0
DA:38,0
DA:41,0
DA:42,0
DA:43,0
DA:46,0
DA:48,0
DA:50,0
DA:51,0
DA:54,0
DA:56,0
DA:57,0
DA:60,0
DA:62,0
DA:63,0
DA:64,0
DA:68,0
DA:69,0
DA:70,0
DA:73,0
DA:74,0
DA:75,0
DA:77,0
DA:78,0
DA:82,0
DA:83,0
DA:84,0
DA:85,0
DA:86,0
DA:94,0
DA:95,0
DA:96,0
DA:100,0
DA:102,0
DA:103,0
DA:104,0
DA:105,0
DA:106,0
DA:107,0
DA:108,0
DA:111,0
DA:112,0
DA:113,0
DA:114,0
DA:115,0
DA:116,0
DA:117,0
DA:119,0
DA:121,0
DA:122,0
DA:124,0
DA:126,0
DA:127,0
DA:129,0
DA:134,0
DA:135,0
DA:136,0
DA:138,0
DA:139,0
DA:140,0
DA:143,0
DA:144,0
DA:145,0
DA:151,0
DA:152,0
DA:153,0
DA:154,0
DA:155,0
DA:158,0
DA:159,0
DA:160,0
DA:161,0
DA:162,0
DA:165,0
DA:166,0
DA:167,0
DA:168,0
DA:169,0
DA:170,0
DA:171,0
DA:174,0
DA:177,0
DA:183,0
DA:184,0
DA:185,0
DA:186,0
DA:187,0
DA:190,0
DA:195,0
DA:196,0
DA:197,0
DA:199,0
DA:201,0
DA:202,0
DA:204,0
DA:206,0
DA:208,0
DA:228,0
DA:234,0
DA:236,0
DA:242,0
DA:244,0
DA:246,0
DA:247,0
DA:249,0
DA:250,0
DA:251,0
DA:252,0
DA:253,0
DA:255,0
DA:257,0
DA:258,0
DA:259,0
DA:268,0
DA:269,0
DA:270,0
DA:274,0
DA:275,0
DA:280,0
DA:282,0
DA:283,0
DA:285,0
DA:287,0
DA:288,0
DA:294,0
DA:295,0
DA:296,0
LF:131
LH:0
end_of_record
SF:lib/screens/video_player_screen.dart
DA:28,0
DA:35,0
DA:36,0
DA:56,0
DA:57,0
DA:60,0
DA:62,0
DA:63,0
DA:64,0
DA:65,0
DA:66,0
DA:71,0
DA:72,0
DA:73,0
DA:74,0
DA:80,0
DA:81,0
DA:82,0
DA:83,0
DA:85,0
DA:87,0
DA:88,0
DA:89,0
DA:90,0
DA:91,0
DA:92,0
DA:93,0
DA:95,0
DA:98,0
DA:101,0
DA:106,0
DA:107,0
DA:113,0
DA:114,0
DA:115,0
DA:116,0
DA:120,0
DA:121,0
DA:124,0
DA:125,0
DA:128,0
DA:129,0
DA:130,0
DA:132,0
DA:135,0
DA:139,0
DA:140,0
DA:141,0
DA:142,0
DA:144,0
DA:145,0
DA:147,0
DA:151,0
DA:153,0
DA:154,0
DA:156,0
DA:157,0
DA:164,0
DA:165,0
DA:168,0
DA:169,0
DA:172,0
DA:174,0
DA:178,0
DA:179,0
DA:180,0
DA:186,0
DA:190,0
DA:191,0
DA:192,0
DA:194,0
DA:195,0
DA:196,0
DA:197,0
DA:198,0
DA:199,0
DA:200,0
DA:201,0
DA:203,0
DA:205,0
DA:207,0
DA:212,0
DA:213,0
DA:214,0
DA:215,0
DA:216,0
DA:217,0
DA:221,0
DA:222,0
DA:223,0
DA:224,0
DA:228,0
DA:229,0
DA:230,0
DA:233,0
DA:235,0
DA:236,0
DA:237,0
DA:238,0
DA:239,0
DA:240,0
DA:241,0
DA:242,0
DA:245,0
DA:247,0
DA:248,0
DA:249,0
DA:253,0
DA:255,0
DA:256,0
DA:257,0
DA:258,0
DA:259,0
DA:265,0
DA:266,0
DA:267,0
DA:268,0
DA:269,0
DA:271,0
DA:272,0
DA:274,0
DA:276,0
DA:277,0
DA:282,0
DA:283,0
DA:284,0
DA:285,0
DA:286,0
DA:287,0
DA:290,0
DA:291,0
DA:293,0
DA:294,0
DA:295,0
DA:296,0
DA:299,0
DA:308,0
DA:309,0
DA:310,0
DA:311,0
DA:312,0
DA:313,0
DA:316,0
DA:317,0
DA:318,0
DA:319,0
DA:321,0
DA:322,0
DA:324,0
DA:326,0
DA:327,0
DA:332,0
DA:333,0
DA:334,0
DA:335,0
DA:336,0
DA:337,0
DA:338,0
DA:339,0
DA:340,0
DA:342,0
DA:343,0
DA:344,0
DA:347,0
DA:356,0
DA:357,0
DA:358,0
DA:359,0
DA:360,0
DA:361,0
DA:363,0
DA:364,0
DA:366,0
DA:368,0
DA:369,0
DA:374,0
DA:375,0
DA:376,0
DA:377,0
DA:378,0
DA:379,0
DA:382,0
DA:383,0
DA:384,0
DA:385,0
DA:386,0
DA:387,0
DA:388,0
DA:389,0
DA:390,0
DA:392,0
DA:393,0
DA:394,0
DA:395,0
DA:398,0
DA:404,0
DA:406,0
DA:408,0
DA:409,0
DA:410,0
DA:412,0
DA:414,0
DA:415,0
DA:416,0
DA:417,0
DA:418,0
DA:422,0
DA:423,0
DA:433,0
DA:434,0
DA:435,0
DA:438,0
DA:440,0
DA:442,0
DA:443,0
DA:451,0
DA:453,0
DA:457,0
DA:466,0
DA:467,0
DA:468,0
DA:470,0
DA:472,0
DA:473,0
DA:474,0
DA:484,0
DA:485,0
DA:486,0
DA:492,0
DA:496,0
DA:502,0
DA:506,0
DA:508,0
DA:511,0
DA:512,0
DA:513,0
DA:519,0
DA:524,0
DA:526,0
DA:527,0
DA:530,0
DA:531,0
DA:533,0
DA:534,0
DA:538,0
DA:539,0
DA:550,0
DA:554,0
DA:563,0
DA:565,0
DA:567,0
DA:568,0
DA:569,0
DA:570,0
DA:571,0
DA:572,0
DA:573,0
DA:574,0
DA:575,0
DA:576,0
DA:577,0
DA:578,0
DA:579,0
DA:580,0
DA:585,0
DA:587,0
DA:588,0
DA:589,0
DA:593,0
DA:597,0
DA:600,0
DA:601,0
DA:602,0
DA:608,0
DA:609,0
DA:626,0
DA:628,0
DA:630,0
DA:631,0
DA:637,0
DA:638,0
DA:639,0
DA:640,0
DA:645,0
DA:651,0
DA:652,0
DA:657,0
DA:658,0
DA:659,0
DA:660,0
DA:661,0
DA:662,0
DA:663,0
DA:667,0
DA:670,0
DA:671,0
DA:672,0
DA:676,0
DA:677,0
DA:683,0
DA:684,0
DA:689,0
DA:690,0
DA:696,0
DA:697,0
DA:698,0
DA:699,0
LF:307
LH:0
end_of_record
SF:lib/utils/media_kit_guard.dart
DA:13,0
DA:15,0
LF:2
LH:0
end_of_record
SF:lib/services/file_open_router.dart
DA:41,1
DA:50,1
DA:51,1
DA:63,0
DA:154,1
DA:158,1
DA:159,1
DA:161,1
DA:162,1
DA:164,1
DA:165,1
DA:167,1
DA:168,1
DA:170,1
DA:171,1
DA:173,1
DA:174,1
DA:176,1
DA:177,1
DA:179,1
DA:180,1
DA:182,1
DA:183,1
DA:191,1
DA:192,1
DA:194,1
DA:195,1
DA:202,1
DA:203,1
DA:204,1
DA:205,1
DA:206,1
DA:208,1
DA:209,1
DA:210,1
DA:218,2
DA:219,1
DA:222,1
DA:231,1
DA:239,1
LF:40
LH:39
end_of_record
SF:lib/services/bluetooth_share_service.dart
DA:33,1
DA:35,1
DA:36,1
DA:37,1
DA:38,1
DA:49,1
DA:56,6
DA:63,6
DA:64,3
DA:65,6
DA:66,3
DA:67,6
DA:76,6
DA:77,3
DA:78,6
DA:79,3
DA:80,9
DA:83,6
DA:84,3
DA:87,2
DA:91,2
DA:95,2
DA:97,1
DA:98,1
DA:99,2
DA:102,1
DA:104,1
DA:105,1
DA:110,1
DA:112,1
DA:113,0
DA:118,1
DA:120,1
DA:121,1
DA:122,4
DA:126,1
DA:128,1
DA:131,1
DA:132,4
DA:133,1
DA:134,4
DA:135,1
DA:139,1
DA:141,1
DA:142,1
DA:143,1
DA:144,1
DA:145,4
DA:149,1
DA:151,1
DA:152,1
DA:153,0
DA:154,0
DA:158,1
DA:160,1
DA:162,2
DA:167,1
DA:169,1
DA:170,1
DA:171,4
DA:178,1
DA:180,1
DA:181,2
DA:183,1
DA:184,1
DA:185,4
DA:193,1
DA:195,1
DA:196,1
DA:197,3
DA:202,9
DA:205,1
DA:206,2
DA:211,1
DA:213,1
DA:214,1
DA:215,2
DA:216,0
DA:217,0
DA:218,0
DA:222,1
DA:224,1
DA:225,1
DA:226,0
DA:227,0
DA:231,1
DA:232,1
DA:233,1
DA:234,1
DA:236,1
DA:237,2
DA:238,1
DA:239,1
DA:240,2
DA:241,1
DA:243,1
DA:244,1
DA:245,1
DA:247,1
DA:248,1
DA:249,1
DA:250,1
DA:254,1
DA:255,2
DA:256,1
DA:257,1
DA:258,1
DA:259,1
DA:260,2
DA:261,1
DA:269,1
DA:270,1
DA:271,1
DA:272,1
DA:273,1
DA:274,2
DA:275,1
DA:277,2
DA:278,1
DA:279,1
DA:281,1
DA:282,2
DA:283,1
DA:284,2
DA:285,2
DA:287,1
DA:289,1
DA:290,1
DA:291,1
DA:292,2
DA:293,1
DA:294,1
DA:306,1
DA:308,2
DA:312,1
DA:319,1
DA:324,1
DA:326,1
DA:327,1
DA:328,2
DA:329,1
LF:141
LH:133
end_of_record
SF:lib/services/pdf_engine.dart
DA:18,0
DA:20,6
DA:23,2
DA:25,2
DA:26,6
DA:27,4
DA:28,2
DA:29,8
DA:31,4
DA:38,2
DA:39,2
DA:40,2
DA:41,2
DA:47,2
DA:48,2
DA:50,0
DA:51,0
DA:52,0
DA:59,4
DA:60,4
DA:61,2
DA:62,6
DA:63,4
DA:72,2
DA:77,2
DA:79,0
DA:81,0
DA:82,0
DA:84,0
DA:88,0
DA:89,0
DA:90,0
DA:91,0
DA:92,0
DA:93,0
DA:95,0
DA:106,4
DA:107,6
DA:108,4
DA:109,2
DA:110,8
DA:111,4
DA:112,0
DA:116,2
DA:117,2
DA:118,8
DA:119,2
DA:120,2
DA:121,0
DA:124,4
DA:130,0
DA:132,0
LF:52
LH:33
end_of_record
SF:lib/services/ftp_server_service.dart
DA:20,6
DA:41,9
DA:43,5
DA:51,3
DA:52,0
DA:53,3
DA:54,3
DA:55,6
DA:56,1
DA:61,9
DA:62,12
DA:63,9
DA:66,3
DA:67,6
DA:68,3
DA:71,3
DA:72,6
DA:75,3
DA:76,3
DA:78,3
DA:80,6
DA:81,6
DA:82,6
DA:83,3
DA:84,3
DA:85,3
DA:86,6
DA:87,3
DA:92,6
DA:98,3
DA:112,3
DA:116,3
DA:118,9
DA:124,3
DA:125,4
DA:128,6
DA:132,2
DA:133,8
DA:134,4
DA:135,2
DA:138,2
DA:139,2
DA:141,4
DA:142,6
DA:147,1
DA:148,1
DA:149,4
DA:151,2
DA:152,1
DA:171,3
DA:172,3
DA:173,9
DA:174,12
DA:177,15
DA:178,0
DA:179,0
DA:182,3
DA:183,9
DA:185,2
DA:188,0
DA:189,0
DA:197,6
DA:201,3
DA:203,3
DA:206,9
DA:207,9
DA:208,8
DA:209,6
DA:210,2
DA:211,4
DA:212,1
DA:217,9
DA:218,9
DA:219,3
DA:220,9
DA:222,3
DA:224,3
DA:226,3
DA:228,3
DA:229,0
DA:231,3
DA:232,2
DA:233,6
DA:234,2
DA:235,1
DA:237,2
DA:238,3
DA:239,4
DA:242,2
DA:243,0
DA:245,2
DA:246,1
DA:247,2
DA:248,1
DA:249,2
DA:250,5
DA:251,1
DA:252,3
DA:253,2
DA:254,0
DA:255,0
DA:256,0
DA:257,0
DA:258,0
DA:259,2
DA:260,2
DA:261,2
DA:262,1
DA:263,2
DA:264,1
DA:265,2
DA:266,0
DA:267,2
DA:268,1
DA:269,2
DA:270,0
DA:273,0
DA:278,2
DA:279,0
DA:282,0
DA:287,2
DA:288,0
DA:289,0
DA:290,2
DA:291,0
DA:292,0
DA:295,0
DA:296,0
DA:301,2
DA:302,2
DA:303,4
DA:304,6
DA:305,2
DA:306,0
DA:307,0
DA:308,0
DA:309,0
DA:310,0
DA:311,2
DA:312,0
DA:313,0
DA:314,0
DA:316,2
DA:318,2
DA:325,1
DA:326,1
DA:327,2
DA:328,0
DA:330,1
DA:331,1
DA:333,1
DA:337,1
DA:338,1
DA:339,2
DA:340,2
DA:341,1
DA:342,1
DA:343,1
DA:344,2
DA:345,3
DA:346,6
DA:347,6
DA:348,1
DA:349,0
DA:350,0
DA:353,1
DA:354,0
DA:360,3
DA:361,2
DA:362,3
DA:363,6
DA:367,3
DA:368,1
DA:369,1
DA:373,0
DA:379,1
DA:380,1
DA:382,1
DA:383,1
DA:385,1
DA:389,0
DA:391,0
DA:393,0
DA:394,0
DA:397,0
DA:399,0
DA:400,0
DA:404,0
DA:410,0
DA:411,0
DA:414,0
DA:418,0
DA:419,0
DA:420,0
DA:421,0
DA:422,0
DA:424,0
DA:425,0
DA:429,0
DA:435,1
DA:436,1
DA:439,2
LF:202
LH:147
end_of_record
SF:lib/screens/folder_graph_screen.dart
DA:17,1
DA:34,1
DA:44,1
DA:46,1
DA:47,1
DA:62,1
DA:64,1
DA:65,1
DA:69,1
DA:70,2
DA:71,1
DA:72,1
DA:76,3
DA:77,1
DA:78,2
DA:79,1
DA:80,4
DA:85,0
DA:86,0
DA:88,0
DA:89,0
DA:90,0
DA:91,0
DA:92,0
DA:94,0
DA:96,0
DA:101,0
DA:106,0
DA:107,0
DA:108,0
DA:109,0
DA:117,0
DA:118,0
DA:120,0
DA:121,0
DA:122,0
DA:123,0
DA:126,0
DA:127,0
DA:128,0
DA:134,0
DA:136,0
DA:137,0
DA:138,0
DA:140,0
DA:143,0
DA:144,0
DA:145,0
DA:146,0
DA:150,0
DA:156,0
DA:157,0
DA:158,0
DA:159,0
DA:160,0
DA:161,0
DA:162,0
DA:163,0
DA:164,0
DA:165,0
DA:166,0
DA:167,0
DA:168,0
DA:169,0
DA:173,0
DA:176,0
DA:177,0
DA:178,0
DA:181,0
DA:182,0
DA:183,0
DA:184,0
DA:187,0
DA:188,0
DA:189,0
DA:194,0
DA:195,0
DA:196,0
DA:200,1
DA:202,1
DA:203,1
DA:204,1
DA:206,1
DA:207,1
DA:208,0
DA:209,0
DA:210,0
DA:212,0
DA:215,0
DA:216,0
DA:217,0
DA:218,0
DA:224,1
DA:225,1
DA:226,1
DA:228,1
DA:229,2
DA:231,1
DA:233,1
DA:234,1
DA:236,2
DA:240,2
DA:246,0
DA:247,0
DA:249,0
DA:250,0
DA:251,0
DA:254,0
DA:255,0
DA:257,0
DA:258,0
DA:259,0
DA:261,0
DA:264,0
DA:265,0
DA:268,0
DA:269,0
DA:270,0
DA:277,0
DA:278,0
DA:279,0
DA:280,0
DA:282,0
DA:283,0
DA:285,0
DA:287,0
DA:288,0
DA:290,0
DA:291,0
DA:293,0
DA:294,0
DA:295,0
DA:297,0
DA:301,0
DA:303,0
DA:305,0
DA:306,0
DA:307,0
DA:308,0
DA:311,0
DA:313,0
DA:314,0
DA:315,0
DA:316,0
DA:317,0
DA:318,0
DA:319,0
DA:329,0
DA:330,0
DA:331,0
DA:333,0
DA:346,1
DA:355,0
DA:357,0
DA:358,0
DA:359,0
DA:360,0
DA:363,0
DA:365,0
DA:366,0
DA:367,0
DA:369,0
DA:370,0
DA:371,0
DA:376,0
DA:377,0
DA:378,0
DA:379,0
DA:381,0
DA:384,0
DA:388,0
DA:389,0
DA:391,0
DA:392,0
DA:393,0
DA:394,0
DA:397,0
DA:398,0
DA:400,0
DA:405,1
DA:407,3
DA:408,3
DA:409,3
DA:410,3
DA:411,3
LF:185
LH:40
end_of_record
SF:lib/services/network_service.dart
DA:28,2
DA:40,2
DA:44,0
DA:45,0
DA:46,0
DA:49,4
DA:50,4
DA:51,4
DA:52,4
DA:53,4
DA:54,4
DA:55,4
DA:56,4
DA:57,2
DA:60,4
DA:61,2
DA:62,2
DA:63,2
DA:64,2
DA:65,2
DA:66,2
DA:72,2
DA:73,2
DA:74,2
DA:90,0
DA:91,0
DA:93,0
DA:94,0
DA:95,0
DA:97,0
DA:98,0
DA:100,0
DA:101,0
DA:109,0
DA:110,0
DA:111,0
DA:112,0
DA:113,0
DA:114,0
DA:115,0
DA:118,0
DA:119,0
DA:121,0
DA:122,0
DA:125,0
DA:128,0
DA:129,0
DA:130,0
DA:131,0
DA:132,0
DA:133,0
DA:134,0
DA:137,0
DA:141,0
DA:142,0
DA:143,0
DA:144,0
DA:145,0
DA:147,0
DA:151,0
DA:152,0
DA:153,0
DA:156,0
DA:157,0
DA:158,0
DA:159,0
DA:162,0
DA:163,0
DA:165,0
DA:167,0
DA:168,0
DA:187,2
DA:197,2
DA:218,0
DA:226,0
DA:227,0
DA:228,0
DA:229,0
DA:230,0
DA:243,0
DA:244,0
DA:246,0
DA:247,0
DA:250,0
DA:251,0
DA:252,0
DA:253,0
DA:254,0
DA:257,0
DA:258,0
DA:261,0
DA:265,0
DA:276,0
DA:277,0
DA:280,0
DA:281,0
DA:292,9
DA:296,3
DA:297,9
DA:300,1
DA:301,3
DA:302,1
DA:306,1
DA:307,2
DA:308,1
DA:312,3
DA:313,3
DA:314,2
DA:317,0
DA:318,0
DA:319,0
DA:321,0
DA:323,0
DA:325,0
DA:327,0
DA:330,0
DA:335,1
DA:337,1
DA:338,0
DA:339,0
DA:340,0
DA:341,0
DA:342,0
DA:343,0
DA:345,0
DA:347,3
DA:352,3
DA:355,1
DA:359,2
DA:360,2
DA:362,0
DA:364,0
DA:365,0
DA:366,0
DA:367,0
DA:369,0
DA:372,0
DA:378,1
DA:383,2
DA:384,2
DA:386,0
DA:388,0
DA:389,0
DA:390,0
DA:391,0
DA:392,0
DA:395,0
DA:397,0
DA:399,0
DA:405,1
DA:410,2
DA:411,2
DA:413,0
DA:415,0
DA:416,0
DA:417,0
DA:418,0
DA:419,0
DA:422,0
DA:424,0
DA:426,0
DA:433,0
DA:437,0
DA:438,0
DA:439,0
DA:443,0
DA:444,0
DA:447,0
DA:448,0
DA:450,0
DA:451,0
DA:454,0
DA:456,0
DA:457,0
DA:458,0
DA:459,0
DA:460,0
DA:461,0
DA:462,0
DA:468,0
DA:473,0
DA:474,0
DA:475,0
DA:480,0
DA:481,0
DA:482,0
DA:484,0
DA:485,0
DA:486,0
DA:487,0
DA:492,0
DA:497,0
DA:498,0
DA:499,0
DA:504,0
DA:505,0
DA:507,0
DA:508,0
DA:509,0
DA:511,0
DA:512,0
DA:517,0
DA:521,0
DA:522,0
DA:524,0
DA:525,0
DA:526,0
DA:528,0
DA:529,0
DA:531,0
DA:533,0
DA:534,0
DA:535,0
DA:537,0
DA:539,0
DA:540,0
DA:544,0
DA:549,0
DA:550,0
DA:552,0
DA:553,0
DA:554,0
DA:556,0
DA:557,0
DA:559,0
DA:560,0
DA:561,0
DA:563,0
DA:564,0
DA:566,0
DA:567,0
DA:571,0
DA:576,0
DA:577,0
DA:579,0
DA:580,0
DA:581,0
DA:583,0
DA:584,0
DA:586,0
DA:587,0
DA:588,0
DA:589,0
DA:591,0
DA:592,0
DA:602,0
DA:607,0
DA:608,0
DA:609,0
DA:617,0
DA:618,0
DA:619,0
DA:620,0
DA:623,0
DA:624,0
DA:625,0
DA:629,1
DA:635,1
DA:636,3
DA:642,2
DA:643,4
DA:644,1
DA:648,1
DA:649,2
DA:650,3
DA:651,0
DA:653,1
DA:654,1
DA:655,4
DA:659,0
DA:660,0
DA:661,0
DA:662,0
DA:663,0
DA:664,0
DA:666,0
DA:667,0
DA:668,0
DA:669,0
DA:670,0
DA:673,0
DA:675,0
DA:677,0
DA:678,0
DA:680,0
DA:681,0
DA:683,0
DA:687,0
DA:688,3
DA:689,2
DA:691,1
DA:692,2
DA:693,2
DA:695,3
DA:696,4
DA:701,0
DA:707,2
LF:297
LH:68
end_of_record
SF:lib/screens/network_screen.dart
DA:8,1
DA:10,3
DA:11,3
DA:24,3
DA:26,3
DA:27,12
DA:28,0
DA:31,11
DA:32,2
DA:33,4
DA:34,4
DA:35,6
DA:36,0
DA:45,3
DA:47,6
DA:48,6
DA:49,3
DA:52,0
DA:53,0
DA:54,0
DA:55,0
DA:56,0
DA:57,0
DA:58,0
DA:64,0
DA:65,0
DA:66,0
DA:67,0
DA:68,0
DA:69,0
DA:70,0
DA:71,0
DA:77,0
DA:78,0
DA:79,0
DA:80,0
DA:81,0
DA:84,0
DA:85,0
DA:86,0
DA:87,0
DA:88,0
DA:91,0
DA:92,0
DA:93,0
DA:95,0
DA:96,0
DA:98,0
DA:110,0
DA:111,0
DA:114,0
DA:115,0
DA:118,0
DA:119,0
DA:120,0
DA:123,0
DA:124,0
DA:133,0
DA:134,0
DA:136,0
DA:137,0
DA:138,0
DA:139,0
DA:142,0
DA:145,0
DA:148,0
DA:149,0
DA:150,0
DA:151,0
DA:156,3
DA:158,12
DA:159,3
DA:160,3
DA:161,3
DA:162,3
DA:164,6
DA:166,3
DA:167,3
DA:168,6
DA:169,3
DA:171,1
DA:172,2
DA:173,0
DA:174,1
DA:176,3
DA:178,3
DA:183,3
DA:184,3
DA:185,3
DA:186,3
DA:193,1
DA:194,1
DA:196,2
DA:197,1
DA:198,1
DA:200,1
DA:201,2
DA:203,1
DA:205,2
DA:208,1
DA:210,2
DA:215,0
DA:216,0
DA:217,0
DA:218,0
DA:219,0
DA:220,0
DA:221,0
DA:222,0
DA:223,0
DA:225,0
DA:228,0
DA:230,0
DA:231,0
DA:232,0
DA:233,0
DA:236,0
DA:237,0
DA:238,0
DA:240,0
DA:242,0
DA:243,0
DA:245,0
DA:246,0
DA:247,0
DA:254,0
DA:256,0
DA:257,0
DA:258,0
DA:260,0
DA:261,0
DA:262,0
DA:264,0
DA:265,0
DA:267,0
DA:269,0
DA:274,0
DA:275,0
DA:276,0
DA:280,2
DA:281,2
DA:282,2
DA:283,2
DA:285,2
DA:286,2
DA:287,2
DA:288,2
DA:289,2
DA:291,2
DA:293,2
DA:294,2
DA:300,2
DA:301,4
DA:302,2
DA:303,2
DA:305,4
DA:308,0
DA:309,0
DA:310,0
DA:311,0
DA:312,0
DA:314,0
DA:315,0
DA:316,0
DA:317,0
DA:321,0
DA:322,0
DA:324,0
DA:325,0
DA:326,0
DA:328,0
DA:329,0
DA:332,0
DA:333,0
DA:334,0
DA:335,0
DA:339,0
DA:341,0
DA:342,0
DA:343,0
DA:345,0
DA:355,2
DA:356,2
DA:358,2
DA:359,0
DA:360,0
DA:361,0
DA:362,0
DA:365,2
DA:366,2
DA:367,2
DA:369,4
DA:372,0
DA:373,0
DA:374,0
DA:384,0
DA:389,0
DA:391,0
DA:392,0
DA:405,0
DA:407,0
DA:408,0
DA:409,0
DA:410,0
DA:411,0
DA:412,0
DA:413,0
DA:416,0
DA:418,0
DA:419,0
DA:420,0
DA:421,0
DA:422,0
DA:423,0
DA:424,0
DA:426,0
DA:427,0
DA:428,0
DA:433,0
DA:442,0
DA:443,0
DA:444,0
DA:446,0
DA:447,0
DA:448,0
DA:453,0
DA:454,0
DA:455,0
DA:457,0
DA:459,0
DA:462,0
DA:463,0
DA:464,0
DA:466,0
DA:468,0
DA:471,0
DA:472,0
DA:473,0
DA:475,0
DA:477,0
DA:481,0
DA:482,0
DA:483,0
DA:485,0
DA:487,0
DA:490,0
DA:491,0
DA:492,0
DA:494,0
DA:497,0
DA:499,0
DA:501,0
DA:502,0
DA:503,0
DA:506,0
DA:508,0
DA:515,0
DA:516,0
DA:517,0
DA:520,0
DA:521,0
DA:522,0
DA:523,0
DA:524,0
DA:525,0
DA:526,0
DA:527,0
DA:528,0
DA:529,0
DA:530,0
DA:532,0
DA:533,0
DA:547,0
DA:549,0
DA:551,0
DA:553,0
DA:554,0
DA:555,0
DA:556,0
DA:557,0
DA:558,0
DA:559,0
DA:560,0
DA:562,0
DA:563,0
DA:564,0
DA:565,0
LF:287
LH:70
end_of_record
SF:lib/main.dart
DA:45,0
DA:46,0
DA:51,0
DA:53,0
DA:56,0
DA:58,0
DA:62,0
DA:64,0
DA:67,0
DA:68,0
DA:69,0
DA:76,0
DA:77,0
DA:91,0
DA:93,0
DA:97,1
DA:99,2
DA:101,2
DA:102,2
DA:103,2
DA:104,2
DA:105,2
DA:106,2
DA:107,2
DA:108,1
DA:111,2
DA:113,0
DA:114,0
DA:115,0
DA:116,0
DA:117,0
DA:121,2
DA:122,2
DA:123,6
DA:125,2
DA:129,2
DA:149,1
DA:151,2
DA:152,2
DA:189,2
DA:191,2
DA:192,4
DA:194,2
DA:195,0
DA:196,0
DA:197,0
DA:198,0
DA:203,6
DA:204,10
DA:205,2
DA:206,2
DA:207,2
DA:208,2
DA:209,2
DA:210,2
DA:211,2
DA:212,2
DA:216,2
DA:218,4
DA:219,2
DA:222,0
DA:227,0
DA:228,0
DA:229,0
DA:230,0
DA:231,0
DA:238,2
DA:241,2
DA:243,0
DA:244,0
DA:247,0
DA:248,0
DA:254,0
DA:255,0
DA:259,0
DA:262,0
DA:263,0
DA:264,0
DA:266,0
DA:269,0
DA:270,0
DA:272,0
DA:273,0
DA:274,0
DA:275,0
DA:278,0
DA:279,0
DA:280,0
DA:283,0
DA:284,0
DA:285,0
DA:288,0
DA:289,0
DA:290,0
DA:293,0
DA:294,0
DA:295,0
DA:298,0
DA:299,0
DA:300,0
DA:303,0
DA:304,0
DA:305,0
DA:308,0
DA:309,0
DA:310,0
DA:313,0
DA:314,0
DA:315,0
DA:318,0
DA:319,0
DA:320,0
DA:321,0
DA:326,0
DA:327,0
DA:328,0
DA:334,2
DA:338,0
DA:339,0
DA:340,0
DA:346,0
DA:347,0
DA:348,0
DA:351,0
DA:352,0
DA:353,0
DA:354,0
DA:355,0
DA:356,0
DA:357,0
DA:359,0
DA:361,0
DA:365,0
DA:367,0
DA:368,0
DA:369,0
DA:372,0
DA:373,0
DA:379,0
DA:383,2
DA:384,2
DA:385,0
DA:386,0
DA:387,0
DA:391,2
DA:392,2
DA:393,0
DA:396,2
DA:398,4
DA:399,2
DA:400,0
DA:401,0
DA:402,0
DA:403,0
DA:404,0
DA:405,0
DA:406,0
DA:410,0
DA:414,0
DA:415,0
DA:416,0
DA:418,0
DA:419,0
DA:421,0
DA:423,0
DA:425,0
DA:426,0
DA:428,0
DA:430,0
DA:432,0
DA:434,0
DA:436,0
DA:438,0
DA:445,2
DA:446,2
DA:447,8
DA:450,2
DA:452,8
DA:453,4
DA:454,2
DA:455,2
DA:456,2
DA:457,2
DA:458,2
DA:459,4
DA:460,0
DA:461,0
DA:462,0
DA:465,2
DA:466,2
DA:467,2
DA:468,2
DA:469,2
DA:470,2
DA:471,2
DA:472,2
DA:474,2
DA:475,2
DA:477,2
DA:480,2
DA:481,2
DA:483,2
DA:489,2
DA:490,2
DA:492,2
DA:496,2
DA:497,2
DA:498,2
DA:499,2
DA:500,4
DA:501,2
DA:505,2
DA:507,2
DA:510,2
DA:511,0
DA:512,0
DA:513,0
DA:514,0
DA:519,2
DA:520,0
DA:521,0
DA:522,0
DA:523,0
DA:524,0
DA:525,0
DA:527,0
DA:528,0
DA:529,0
DA:530,0
DA:531,0
DA:532,0
DA:533,0
DA:534,0
DA:535,0
DA:536,0
DA:537,0
DA:538,0
DA:539,0
DA:543,0
DA:547,2
DA:561,2
DA:562,2
DA:567,0
DA:568,0
DA:569,0
DA:574,2
DA:576,2
DA:578,4
DA:579,0
DA:582,0
DA:586,0
DA:589,0
DA:593,0
DA:596,0
DA:601,2
DA:603,2
DA:605,2
DA:606,2
DA:607,0
DA:610,0
DA:612,0
DA:615,0
DA:618,2
DA:620,2
DA:622,2
DA:623,2
DA:624,0
DA:625,0
DA:639,0
DA:640,0
DA:645,0
DA:647,0
DA:654,0
DA:655,0
DA:656,0
DA:659,0
DA:660,0
DA:662,0
DA:663,0
DA:664,0
DA:665,0
DA:666,0
DA:667,0
DA:672,2
DA:674,2
DA:676,4
DA:677,0
DA:680,0
DA:683,2
DA:685,2
DA:687,2
DA:688,2
DA:690,0
DA:695,0
DA:698,0
DA:699,0
DA:701,0
DA:703,0
DA:704,0
DA:705,0
DA:707,0
DA:708,0
DA:717,2
DA:719,2
DA:720,2
DA:721,2
DA:727,2
DA:728,4
DA:729,2
DA:745,2
DA:746,2
DA:747,2
DA:749,2
DA:751,2
DA:752,2
DA:753,2
DA:754,2
DA:755,0
DA:756,0
DA:761,2
DA:762,2
DA:764,4
DA:769,2
DA:770,2
DA:775,0
DA:776,0
DA:777,0
DA:778,0
DA:780,0
DA:781,0
DA:782,0
DA:789,2
DA:790,2
DA:794,0
DA:795,0
DA:797,0
DA:798,0
DA:799,0
DA:802,0
DA:803,0
DA:813,1
DA:814,1
DA:815,1
DA:816,1
DA:819,1
DA:820,1
DA:823,0
DA:824,0
DA:832,2
DA:833,2
DA:838,0
DA:839,2
DA:841,2
DA:842,0
DA:843,0
DA:846,2
DA:847,2
DA:848,0
DA:849,0
DA:850,0
DA:851,0
DA:852,0
DA:854,0
DA:855,0
DA:856,0
DA:857,0
DA:866,2
DA:867,1
DA:869,0
DA:871,1
DA:872,1
DA:874,0
DA:880,2
DA:881,2
DA:882,0
DA:885,0
DA:886,0
DA:887,0
DA:888,0
DA:892,4
DA:902,2
DA:903,0
DA:904,0
DA:905,0
DA:909,2
DA:910,2
DA:911,0
DA:912,0
DA:913,0
DA:916,2
DA:932,0
DA:935,0
DA:951,0
DA:952,0
DA:953,0
DA:954,0
DA:955,0
DA:956,0
DA:957,0
DA:960,0
DA:961,0
DA:962,0
DA:963,0
DA:964,0
DA:965,0
DA:974,2
DA:976,6
DA:979,2
DA:995,2
DA:998,2
DA:999,12
DA:1000,2
DA:1004,6
DA:1006,4
DA:1007,4
DA:1008,2
DA:1010,2
DA:1011,2
DA:1012,2
DA:1013,6
DA:1019,2
DA:1020,6
DA:1021,2
DA:1022,0
DA:1023,2
DA:1026,2
DA:1028,2
DA:1029,4
DA:1039,2
DA:1040,6
DA:1041,4
DA:1042,2
DA:1043,0
DA:1044,0
DA:1046,2
DA:1049,2
DA:1050,2
DA:1051,2
DA:1052,4
DA:1058,2
DA:1059,2
DA:1060,4
DA:1062,2
DA:1063,2
DA:1064,2
DA:1065,2
DA:1066,2
DA:1074,2
DA:1075,2
DA:1077,2
DA:1080,2
DA:1091,2
DA:1093,4
DA:1094,4
DA:1095,2
DA:1096,0
DA:1097,0
DA:1098,2
DA:1103,0
DA:1108,0
DA:1109,0
DA:1110,0
DA:1113,0
DA:1114,0
DA:1121,0
DA:1122,0
DA:1123,0
DA:1124,0
DA:1125,0
DA:1131,0
DA:1132,0
DA:1133,0
DA:1134,0
DA:1135,0
DA:1139,0
DA:1140,0
DA:1147,0
DA:1148,0
DA:1149,0
DA:1150,0
DA:1157,0
DA:1158,0
DA:1159,0
DA:1160,0
DA:1161,0
DA:1162,0
DA:1164,0
DA:1165,0
DA:1166,0
DA:1167,0
DA:1169,0
DA:1171,0
DA:1172,0
DA:1173,0
DA:1174,0
DA:1178,0
DA:1179,0
DA:1180,0
DA:1181,0
DA:1183,0
DA:1184,0
DA:1189,0
DA:1194,0
DA:1195,0
DA:1196,0
DA:1197,0
DA:1198,0
DA:1199,0
DA:1200,0
DA:1201,0
DA:1202,0
DA:1203,0
DA:1204,0
DA:1206,0
DA:1208,0
DA:1211,0
DA:1212,0
DA:1213,0
DA:1216,0
DA:1217,0
DA:1218,0
DA:1219,0
DA:1220,0
DA:1221,0
DA:1222,0
DA:1223,0
DA:1224,0
DA:1229,0
DA:1230,0
DA:1231,0
DA:1232,0
DA:1233,0
DA:1234,0
DA:1239,0
DA:1240,0
DA:1241,0
DA:1242,0
DA:1243,0
DA:1244,0
DA:1245,0
DA:1246,0
DA:1258,0
DA:1259,0
DA:1260,0
DA:1261,0
DA:1262,0
DA:1263,0
DA:1264,0
DA:1266,0
DA:1268,0
DA:1269,0
DA:1270,0
DA:1272,0
DA:1273,0
DA:1274,0
DA:1277,0
DA:1278,0
DA:1279,0
DA:1283,0
DA:1284,0
DA:1285,0
DA:1286,0
DA:1292,0
DA:1293,0
DA:1294,0
DA:1295,0
DA:1296,0
DA:1315,2
DA:1327,2
DA:1329,4
DA:1331,8
DA:1333,8
DA:1334,2
DA:1345,4
DA:1346,2
DA:1347,2
DA:1348,2
DA:1351,2
DA:1356,2
DA:1358,0
DA:1359,0
DA:1360,0
DA:1361,0
DA:1367,2
DA:1368,4
DA:1369,4
DA:1370,2
DA:1371,2
DA:1373,2
DA:1374,4
LF:590
LH:218
end_of_record
SF:lib/utils/app_paths.dart
DA:16,0
DA:17,0
DA:19,0
DA:25,0
DA:27,0
DA:34,0
DA:35,0
DA:38,0
DA:42,0
DA:46,0
DA:47,0
DA:48,0
DA:50,0
DA:55,0
DA:56,0
DA:57,0
DA:58,0
DA:62,0
DA:64,0
DA:65,0
DA:72,0
DA:74,0
DA:75,0
DA:77,0
DA:81,0
DA:82,0
DA:83,0
DA:87,0
DA:88,0
DA:89,0
DA:91,0
DA:96,0
DA:97,0
DA:98,0
DA:99,0
DA:100,0
DA:101,0
DA:102,0
LF:38
LH:0
end_of_record
SF:lib/widgets/file_browser.dart
DA:37,6
DA:43,6
DA:47,6
DA:52,0
DA:54,0
DA:55,0
DA:61,1
DA:62,2
DA:64,1
DA:65,1
DA:67,1
DA:72,0
DA:74,0
DA:75,0
DA:79,0
DA:80,0
DA:82,0
DA:83,0
DA:221,2
DA:234,1
DA:239,1
DA:240,1
DA:263,2
DA:275,2
DA:276,2
DA:286,1
DA:287,3
DA:288,1
DA:326,2
DA:328,2
DA:329,6
DA:330,6
DA:332,6
DA:333,6
DA:335,6
DA:336,2
DA:337,6
DA:338,4
DA:341,9
DA:342,3
DA:344,2
DA:348,2
DA:350,2
DA:353,8
DA:354,6
DA:355,2
DA:356,6
DA:357,2
DA:361,2
DA:363,6
DA:364,6
DA:365,4
DA:366,4
DA:367,4
DA:368,2
DA:371,1
DA:372,2
DA:373,2
DA:376,0
DA:377,0
DA:378,0
DA:379,0
DA:380,0
DA:385,1
DA:386,1
DA:388,1
DA:390,5
DA:391,1
DA:394,2
DA:395,0
DA:398,0
DA:399,0
DA:400,0
DA:401,0
DA:403,0
DA:407,2
DA:408,0
DA:409,0
DA:410,0
DA:411,0
DA:414,0
DA:421,2
DA:422,8
DA:426,0
DA:427,0
DA:428,0
DA:429,0
DA:430,0
DA:434,0
DA:435,0
DA:436,0
DA:437,0
DA:443,2
DA:447,6
DA:448,0
DA:449,0
DA:450,0
DA:451,0
DA:452,0
DA:458,10
DA:460,14
DA:461,0
DA:463,4
DA:464,6
DA:465,8
DA:467,4
DA:468,4
DA:469,2
DA:470,4
DA:471,2
DA:472,2
DA:474,2
DA:477,2
DA:478,2
DA:481,4
DA:482,2
DA:485,2
DA:486,0
DA:487,0
DA:488,0
DA:489,0
DA:490,0
DA:492,2
DA:493,2
DA:494,2
DA:496,1
DA:497,1
DA:498,2
DA:499,1
DA:500,1
DA:503,2
DA:505,0
DA:506,0
DA:508,0
DA:510,0
DA:513,0
DA:514,0
DA:515,0
DA:516,0
DA:523,1
DA:524,3
DA:525,3
DA:526,0
DA:527,3
DA:528,1
DA:529,0
DA:530,0
DA:534,1
DA:535,2
DA:536,5
DA:538,0
DA:539,0
DA:540,0
DA:542,0
DA:544,0
DA:546,0
DA:548,0
DA:549,0
DA:551,0
DA:555,0
DA:556,0
DA:558,0
DA:559,0
DA:562,0
DA:566,0
DA:567,0
DA:568,0
DA:569,0
DA:572,0
DA:573,0
DA:574,0
DA:576,0
DA:578,0
DA:579,0
DA:582,0
DA:583,0
DA:584,0
DA:586,0
DA:587,0
DA:589,0
DA:590,0
DA:591,0
DA:594,0
DA:595,0
DA:597,0
DA:598,0
DA:599,0
DA:600,0
DA:603,0
DA:605,0
DA:606,0
DA:607,0
DA:608,0
DA:611,0
DA:613,0
DA:614,0
DA:615,0
DA:616,0
DA:619,0
DA:621,0
DA:622,0
DA:623,0
DA:624,0
DA:627,0
DA:629,0
DA:630,0
DA:631,0
DA:633,0
DA:635,0
DA:636,0
DA:637,0
DA:638,0
DA:643,0
DA:645,0
DA:647,0
DA:655,0
DA:656,0
DA:657,0
DA:658,0
DA:661,0
DA:662,0
DA:665,0
DA:666,0
DA:670,0
DA:671,0
DA:672,0
DA:673,0
DA:675,0
DA:676,0
DA:677,0
DA:680,0
DA:681,0
DA:682,0
DA:685,0
DA:686,0
DA:687,0
DA:690,0
DA:691,0
DA:692,0
DA:695,0
DA:696,0
DA:697,0
DA:704,0
DA:705,0
DA:708,0
DA:715,0
DA:716,0
DA:717,0
DA:720,0
DA:721,0
DA:723,0
DA:727,0
DA:728,0
DA:729,0
DA:732,0
DA:733,0
DA:736,0
DA:737,0
DA:738,0
DA:739,0
DA:753,0
DA:754,0
DA:756,0
DA:757,0
DA:758,0
DA:759,0
DA:761,0
DA:763,0
DA:767,0
DA:768,0
DA:769,0
DA:770,0
DA:771,0
DA:773,0
DA:779,0
DA:783,0
DA:784,0
DA:790,0
DA:791,0
DA:793,0
DA:794,0
DA:795,0
DA:796,0
DA:798,0
DA:800,0
DA:804,0
DA:805,0
DA:806,0
DA:807,0
DA:808,0
DA:810,0
DA:819,0
DA:820,0
DA:823,0
DA:824,0
DA:825,0
DA:826,0
DA:828,0
DA:830,0
DA:833,0
DA:837,0
DA:838,0
DA:839,0
DA:840,0
DA:842,0
DA:845,0
DA:846,0
DA:847,0
DA:849,0
DA:850,0
DA:853,0
DA:854,0
DA:856,0
DA:857,0
DA:858,0
DA:859,0
DA:861,0
DA:864,0
DA:865,0
DA:866,0
DA:869,0
DA:870,0
DA:871,0
DA:879,0
DA:880,0
DA:882,0
DA:883,0
DA:886,0
DA:887,0
DA:888,0
DA:890,0
DA:892,0
DA:896,0
DA:902,0
DA:903,0
DA:904,0
DA:905,0
DA:906,0
DA:908,0
DA:911,0
DA:914,0
DA:915,0
DA:916,0
DA:917,0
DA:918,0
DA:920,0
DA:925,0
DA:926,0
DA:927,0
DA:928,0
DA:932,0
DA:933,0
DA:934,0
DA:935,0
DA:936,0
DA:937,0
DA:939,0
DA:943,0
DA:946,0
DA:947,0
DA:956,2
DA:957,2
DA:958,2
DA:959,2
DA:961,2
DA:962,0
DA:964,2
DA:965,4
DA:971,2
DA:972,2
DA:973,5
DA:977,0
DA:978,0
DA:985,0
DA:986,0
DA:987,0
DA:988,0
DA:989,0
DA:990,0
DA:991,0
DA:992,0
DA:996,0
DA:997,0
DA:998,0
DA:999,0
DA:1000,0
DA:1002,0
DA:1004,0
DA:1005,0
DA:1006,0
DA:1007,0
DA:1009,0
DA:1014,0
DA:1015,0
DA:1016,0
DA:1017,0
DA:1020,0
DA:1021,0
DA:1022,0
DA:1023,0
DA:1024,0
DA:1025,0
DA:1029,0
DA:1030,0
DA:1032,0
DA:1033,0
DA:1034,0
DA:1035,0
DA:1036,0
DA:1041,0
DA:1045,0
DA:1046,0
DA:1047,0
DA:1048,0
DA:1049,0
DA:1050,0
DA:1053,0
DA:1054,0
DA:1058,0
DA:1059,0
DA:1060,0
DA:1061,0
DA:1064,0
DA:1066,0
DA:1067,0
DA:1068,0
DA:1072,0
DA:1073,0
DA:1074,0
DA:1078,0
DA:1079,0
DA:1081,0
DA:1082,0
DA:1088,0
DA:1090,0
DA:1091,0
DA:1092,0
DA:1096,0
DA:1097,0
DA:1098,0
DA:1102,0
DA:1103,0
DA:1105,0
DA:1106,0
DA:1108,0
DA:1109,0
DA:1111,0
DA:1112,0
DA:1114,0
DA:1115,0
DA:1116,0
DA:1117,0
DA:1119,0
DA:1120,0
DA:1122,0
DA:1123,0
DA:1130,0
DA:1132,0
DA:1133,0
DA:1135,0
DA:1136,0
DA:1138,0
DA:1139,0
DA:1146,0
DA:1148,0
DA:1149,0
DA:1151,0
DA:1152,0
DA:1154,0
DA:1155,0
DA:1157,0
DA:1158,0
DA:1160,0
DA:1161,0
DA:1162,0
DA:1163,0
DA:1164,0
DA:1165,0
DA:1166,0
DA:1168,0
DA:1169,0
DA:1170,0
DA:1173,0
DA:1174,0
DA:1176,0
DA:1177,0
DA:1178,0
DA:1180,0
DA:1190,0
DA:1191,0
DA:1192,0
DA:1193,0
DA:1197,0
DA:1198,0
DA:1199,0
DA:1200,0
DA:1204,0
DA:1205,0
DA:1206,0
DA:1207,0
DA:1208,0
DA:1210,0
DA:1211,0
DA:1212,0
DA:1214,0
DA:1215,0
DA:1219,0
DA:1220,0
DA:1222,0
DA:1223,0
DA:1224,0
DA:1226,0
DA:1227,0
DA:1228,0
DA:1229,0
DA:1230,0
DA:1238,0
DA:1239,0
DA:1240,0
DA:1241,0
DA:1242,0
DA:1243,0
DA:1244,0
DA:1245,0
DA:1248,0
DA:1253,0
DA:1255,0
DA:1256,0
DA:1257,0
DA:1260,0
DA:1261,0
DA:1266,0
DA:1267,0
DA:1268,0
DA:1270,0
DA:1274,0
DA:1275,0
DA:1276,0
DA:1279,0
DA:1280,0
DA:1282,0
DA:1285,0
DA:1286,0
DA:1287,0
DA:1288,0
DA:1289,0
DA:1290,0
DA:1291,0
DA:1292,0
DA:1293,0
DA:1294,0
DA:1299,0
DA:1300,0
DA:1301,0
DA:1302,0
DA:1303,0
DA:1304,0
DA:1305,0
DA:1307,0
DA:1308,0
DA:1309,0
DA:1312,0
DA:1313,0
DA:1316,0
DA:1317,0
DA:1318,0
DA:1323,0
DA:1324,0
DA:1326,0
DA:1329,0
DA:1330,0
DA:1331,0
DA:1332,0
DA:1333,0
DA:1334,0
DA:1335,0
DA:1336,0
DA:1337,0
DA:1338,0
DA:1341,0
DA:1342,0
DA:1344,0
DA:1347,0
DA:1348,0
DA:1349,0
DA:1350,0
DA:1351,0
DA:1357,0
DA:1358,0
DA:1359,0
DA:1361,0
DA:1362,0
DA:1366,0
DA:1367,0
DA:1368,0
DA:1369,0
DA:1371,0
DA:1377,0
DA:1378,0
DA:1379,0
DA:1380,0
DA:1381,0
DA:1382,0
DA:1384,0
DA:1391,0
DA:1392,0
DA:1393,0
DA:1394,0
DA:1395,0
DA:1396,0
DA:1397,0
DA:1398,0
DA:1399,0
DA:1401,0
DA:1402,0
DA:1404,0
DA:1409,0
DA:1411,0
DA:1412,0
DA:1415,0
DA:1423,0
DA:1424,0
DA:1425,0
DA:1426,0
DA:1433,0
DA:1435,0
DA:1440,0
DA:1441,0
DA:1442,0
DA:1452,0
DA:1453,0
DA:1454,0
DA:1457,0
DA:1461,0
DA:1466,0
DA:1467,0
DA:1471,0
DA:1473,0
DA:1476,0
DA:1478,0
DA:1482,0
DA:1489,0
DA:1490,0
DA:1491,0
DA:1493,0
DA:1503,0
DA:1504,0
DA:1505,0
DA:1506,0
DA:1507,0
DA:1509,0
DA:1510,0
DA:1511,0
DA:1512,0
DA:1517,0
DA:1518,0
DA:1519,0
DA:1520,0
DA:1521,0
DA:1523,0
DA:1524,0
DA:1525,0
DA:1526,0
DA:1531,0
DA:1532,0
DA:1533,0
DA:1534,0
DA:1535,0
DA:1536,0
DA:1537,0
DA:1538,0
DA:1539,0
DA:1540,0
DA:1547,0
DA:1549,0
DA:1550,0
DA:1552,0
DA:1553,0
DA:1554,0
DA:1556,0
DA:1557,0
DA:1558,0
DA:1560,0
DA:1563,0
DA:1564,0
DA:1565,0
DA:1566,0
DA:1575,0
DA:1576,0
DA:1577,0
DA:1578,0
DA:1579,0
DA:1580,0
DA:1582,0
DA:1583,0
DA:1585,0
DA:1588,0
DA:1591,0
DA:1592,0
DA:1593,0
DA:1594,0
DA:1595,0
DA:1596,0
DA:1607,0
DA:1608,0
DA:1609,0
DA:1610,0
DA:1612,0
DA:1613,0
DA:1616,0
DA:1618,0
DA:1620,0
DA:1622,0
DA:1625,0
DA:1631,0
DA:1632,0
DA:1633,0
DA:1634,0
DA:1635,0
DA:1636,0
DA:1639,0
DA:1640,0
DA:1646,0
DA:1647,0
DA:1648,0
DA:1650,0
DA:1652,0
DA:1656,0
DA:1657,0
DA:1658,0
DA:1659,0
DA:1660,0
DA:1662,0
DA:1664,0
DA:1667,0
DA:1668,0
DA:1671,0
DA:1672,0
DA:1675,0
DA:1679,0
DA:1681,0
DA:1684,0
DA:1687,0
DA:1688,0
DA:1689,0
DA:1690,0
DA:1691,0
DA:1692,0
DA:1694,0
DA:1696,0
DA:1699,0
DA:1700,0
DA:1701,0
DA:1708,0
DA:1709,0
DA:1710,0
DA:1713,0
DA:1715,0
DA:1716,0
DA:1729,0
DA:1730,0
DA:1731,0
DA:1732,0
DA:1733,0
DA:1735,0
DA:1736,0
DA:1737,0
DA:1738,0
DA:1739,0
DA:1740,0
DA:1741,0
DA:1742,0
DA:1743,0
DA:1745,0
DA:1746,0
DA:1747,0
DA:1750,0
DA:1751,0
DA:1757,0
DA:1761,0
DA:1762,0
DA:1763,0
DA:1766,0
DA:1767,0
DA:1768,0
DA:1786,0
DA:1787,0
DA:1792,0
DA:1793,0
DA:1798,0
DA:1799,0
DA:1804,0
DA:1805,0
DA:1810,0
DA:1811,0
DA:1817,0
DA:1818,0
DA:1819,0
DA:1821,0
DA:1822,0
DA:1823,0
DA:1824,0
DA:1825,0
DA:1828,0
DA:1831,0
DA:1832,0
DA:1833,0
DA:1835,0
DA:1836,0
DA:1837,0
DA:1838,0
DA:1839,0
DA:1846,0
DA:1847,0
DA:1848,0
DA:1849,0
DA:1850,0
DA:1851,0
DA:1852,0
DA:1853,0
DA:1856,0
DA:1857,0
DA:1858,0
DA:1859,0
DA:1860,0
DA:1861,0
DA:1862,0
DA:1863,0
DA:1865,0
DA:1870,0
DA:1871,0
DA:1872,0
DA:1882,0
DA:1883,0
DA:1884,0
DA:1885,0
DA:1886,0
DA:1887,0
DA:1888,0
DA:1889,0
DA:1891,0
DA:1892,0
DA:1893,0
DA:1895,0
DA:1897,0
DA:1898,0
DA:1899,0
DA:1901,0
DA:1902,0
DA:1903,0
DA:1904,0
DA:1907,0
DA:1908,0
DA:1909,0
DA:1910,0
DA:1911,0
DA:1914,0
DA:1917,0
DA:1918,0
DA:1923,0
DA:1934,0
DA:1935,0
DA:1936,0
DA:1937,0
DA:1938,0
DA:1939,0
DA:1940,0
DA:1941,0
DA:1943,0
DA:1945,0
DA:1948,0
DA:1949,0
DA:1950,0
DA:1951,0
DA:1954,0
DA:1956,0
DA:1957,0
DA:1959,0
DA:1960,0
DA:1970,0
DA:1971,0
DA:1972,0
DA:1973,0
DA:1974,0
DA:1975,0
DA:1977,0
DA:1979,0
DA:1982,0
DA:1983,0
DA:1984,0
DA:1985,0
DA:1994,0
DA:1995,0
DA:1996,0
DA:1997,0
DA:1998,0
DA:1999,0
DA:2002,0
DA:2003,0
DA:2005,0
DA:2007,0
DA:2008,0
DA:2010,0
DA:2012,0
DA:2015,0
DA:2016,0
DA:2018,0
DA:2026,0
DA:2027,0
DA:2028,0
DA:2031,0
DA:2032,0
DA:2033,0
DA:2034,0
DA:2035,0
DA:2038,0
DA:2039,0
DA:2040,0
DA:2041,0
DA:2042,0
DA:2043,0
DA:2046,0
DA:2047,0
DA:2049,0
DA:2050,0
DA:2051,0
DA:2052,0
DA:2055,0
DA:2057,0
DA:2058,0
DA:2061,0
DA:2064,0
DA:2065,0
DA:2066,0
DA:2067,0
DA:2068,0
DA:2069,0
DA:2070,0
DA:2071,0
DA:2072,0
DA:2074,0
DA:2075,0
DA:2076,0
DA:2077,0
DA:2081,0
DA:2082,0
DA:2083,0
DA:2084,0
DA:2086,0
DA:2087,0
DA:2088,0
DA:2089,0
DA:2093,0
DA:2094,0
DA:2095,0
DA:2097,0
DA:2098,0
DA:2100,0
DA:2101,0
DA:2102,0
DA:2104,0
DA:2105,0
DA:2109,0
DA:2112,0
DA:2113,0
DA:2114,0
DA:2115,0
DA:2116,0
DA:2122,0
DA:2123,0
DA:2124,0
DA:2127,0
DA:2130,0
DA:2133,0
DA:2137,0
DA:2138,0
DA:2141,0
DA:2144,0
DA:2146,0
DA:2149,0
DA:2151,0
DA:2152,0
DA:2153,0
DA:2155,0
DA:2157,0
DA:2158,0
DA:2159,0
DA:2161,0
DA:2163,0
DA:2164,0
DA:2165,0
DA:2166,0
DA:2167,0
DA:2168,0
DA:2169,0
DA:2170,0
DA:2174,0
DA:2177,0
DA:2179,0
DA:2182,0
DA:2185,0
DA:2188,0
DA:2190,0
DA:2191,0
DA:2194,0
DA:2196,0
DA:2197,0
DA:2198,0
DA:2199,0
DA:2200,0
DA:2201,0
DA:2204,0
DA:2207,0
DA:2213,0
DA:2218,0
DA:2220,0
DA:2221,0
DA:2222,0
DA:2224,0
DA:2231,0
DA:2232,0
DA:2233,0
DA:2237,0
DA:2238,0
DA:2239,0
DA:2240,0
DA:2241,0
DA:2244,0
DA:2245,0
DA:2246,0
DA:2247,0
DA:2248,0
DA:2249,0
DA:2253,0
DA:2254,0
DA:2256,0
DA:2257,0
DA:2258,0
DA:2264,0
DA:2266,0
DA:2267,0
DA:2268,0
DA:2275,0
DA:2277,0
DA:2278,0
DA:2279,0
DA:2287,0
DA:2288,0
DA:2289,0
DA:2291,0
DA:2293,0
DA:2295,0
DA:2298,0
DA:2300,0
DA:2302,0
DA:2305,0
DA:2306,0
DA:2307,0
DA:2308,0
DA:2309,0
DA:2310,0
DA:2311,0
DA:2321,0
DA:2322,0
DA:2323,0
DA:2324,0
DA:2325,0
DA:2326,0
DA:2331,0
DA:2332,0
DA:2333,0
DA:2334,0
DA:2335,0
DA:2336,0
DA:2337,0
DA:2338,0
DA:2339,0
DA:2344,0
DA:2345,0
DA:2346,0
DA:2347,0
DA:2349,0
DA:2352,0
DA:2353,0
DA:2354,0
DA:2356,0
[...]
DA:302,0
DA:306,0
DA:314,0
DA:315,0
DA:316,0
DA:317,0
DA:318,0
DA:319,0
DA:320,0
DA:321,0
DA:324,0
DA:325,0
DA:327,0
DA:330,0
DA:332,0
DA:335,0
DA:337,0
DA:338,0
DA:340,0
DA:342,0
DA:343,0
DA:344,0
DA:345,0
DA:351,0
DA:352,0
DA:353,0
DA:354,0
DA:356,0
DA:357,0
DA:358,0
DA:364,0
DA:365,0
DA:366,0
DA:367,0
DA:368,0
DA:370,0
DA:371,0
DA:375,0
DA:383,0
DA:384,0
DA:388,0
DA:390,0
DA:392,0
DA:393,0
DA:394,0
DA:396,0
DA:397,0
DA:399,0
DA:400,0
DA:401,0
DA:403,0
DA:405,0
DA:406,0
DA:408,0
DA:409,0
DA:410,0
DA:413,0
DA:419,0
DA:420,0
DA:421,0
DA:428,0
DA:429,0
DA:430,0
DA:431,0
DA:432,0
DA:433,0
DA:434,0
DA:435,0
DA:437,0
DA:439,0
DA:441,0
DA:443,0
DA:444,0
DA:445,0
DA:446,0
DA:450,0
DA:451,0
DA:452,0
DA:453,0
DA:455,0
DA:456,0
DA:457,0
DA:463,0
DA:464,0
DA:465,0
DA:467,0
DA:468,0
DA:470,0
DA:472,0
DA:476,0
DA:477,0
DA:479,0
DA:480,0
DA:481,0
DA:482,0
DA:483,0
DA:484,0
DA:486,0
DA:488,0
DA:489,0
DA:490,0
DA:491,0
DA:493,0
DA:494,0
DA:495,0
DA:501,0
DA:502,0
DA:503,0
DA:504,0
DA:505,0
DA:506,0
DA:507,0
DA:508,0
DA:510,0
DA:513,0
DA:514,0
DA:515,0
DA:517,0
DA:521,0
DA:522,0
DA:523,0
DA:524,0
DA:525,0
DA:526,0
DA:527,0
DA:528,0
DA:530,0
DA:532,0
DA:534,0
DA:535,0
DA:536,0
DA:537,0
DA:541,0
DA:542,0
DA:543,0
DA:544,0
DA:546,0
DA:547,0
DA:548,0
DA:554,0
DA:555,0
DA:556,0
DA:557,0
DA:558,0
DA:559,0
DA:560,0
DA:562,0
DA:564,0
DA:568,0
DA:570,0
DA:571,0
DA:572,0
DA:573,0
DA:574,0
DA:576,0
DA:579,0
DA:580,0
DA:581,0
DA:582,0
DA:587,0
DA:588,0
DA:589,0
DA:590,0
DA:594,0
DA:596,0
DA:599,0
DA:600,0
DA:601,0
DA:602,0
DA:603,0
DA:604,0
DA:608,0
DA:609,0
DA:611,0
DA:612,0
DA:613,0
DA:614,0
DA:615,0
DA:620,0
DA:621,0
DA:622,0
DA:629,0
DA:631,0
DA:632,0
DA:633,0
DA:636,0
DA:637,0
DA:639,0
DA:640,0
DA:641,0
DA:642,0
DA:644,0
DA:645,0
DA:646,0
DA:648,0
DA:649,0
DA:650,0
DA:651,0
DA:652,0
DA:653,0
DA:654,0
DA:655,0
DA:656,0
DA:657,0
DA:658,0
DA:660,0
DA:661,0
DA:662,0
DA:667,0
DA:668,0
DA:669,0
DA:670,0
DA:671,0
DA:673,0
DA:675,0
DA:680,0
DA:687,0
DA:688,0
DA:690,0
DA:691,0
DA:693,0
DA:694,0
DA:695,0
DA:697,0
DA:704,0
DA:705,0
DA:706,0
DA:707,0
DA:708,0
DA:711,0
DA:712,0
DA:713,0
DA:716,2
DA:718,2
DA:719,2
DA:720,2
DA:721,2
DA:722,2
DA:723,4
DA:724,0
DA:726,2
DA:728,2
DA:729,2
DA:731,4
DA:733,2
DA:734,4
DA:735,0
DA:737,4
DA:741,2
DA:742,2
DA:743,0
DA:744,0
DA:745,0
DA:746,0
DA:747,0
DA:748,0
DA:751,0
DA:752,0
DA:753,0
DA:754,0
DA:756,0
DA:757,0
DA:758,0
DA:759,0
DA:762,0
DA:763,0
DA:764,0
DA:767,0
DA:768,0
DA:769,0
DA:770,0
DA:772,0
DA:773,0
DA:775,0
DA:776,0
DA:778,0
DA:779,0
DA:781,0
DA:782,0
DA:783,0
DA:784,0
DA:785,0
DA:787,0
DA:789,0
DA:791,0
DA:792,0
DA:793,0
DA:794,0
DA:795,0
DA:797,0
DA:799,0
DA:800,0
DA:801,0
DA:802,0
DA:803,0
DA:805,0
DA:807,0
DA:808,0
DA:809,0
DA:810,0
DA:811,0
DA:813,0
DA:817,0
DA:818,0
DA:819,0
DA:820,0
DA:822,0
DA:824,0
DA:825,0
DA:826,0
DA:828,0
DA:832,0
DA:834,0
DA:835,0
DA:836,0
DA:838,0
DA:842,0
DA:844,0
DA:845,0
DA:846,0
DA:848,0
DA:853,0
DA:860,2
DA:861,2
DA:863,2
DA:864,2
DA:866,2
DA:867,2
DA:868,2
DA:870,2
DA:872,2
DA:874,2
DA:875,0
DA:877,0
DA:878,0
DA:879,0
DA:881,0
DA:883,0
DA:884,0
DA:886,0
DA:895,2
DA:896,0
DA:897,0
DA:899,0
DA:900,0
DA:901,0
DA:902,0
DA:903,0
DA:904,0
DA:908,0
DA:909,0
DA:911,0
DA:912,0
DA:921,2
DA:922,2
DA:929,2
DA:930,4
DA:931,6
DA:932,6
DA:933,6
DA:935,2
DA:936,0
DA:937,0
DA:938,0
DA:939,0
DA:940,0
DA:941,0
DA:943,0
DA:946,2
DA:948,2
DA:949,6
DA:950,2
DA:951,2
DA:952,2
DA:955,2
DA:957,2
DA:958,6
DA:960,2
DA:962,2
DA:963,4
DA:974,0
DA:975,0
DA:976,0
DA:977,0
DA:978,0
DA:979,0
DA:984,0
DA:985,0
DA:987,0
DA:988,0
DA:989,0
DA:990,0
DA:991,0
DA:992,0
DA:1001,2
DA:1002,2
DA:1003,2
DA:1006,0
DA:1007,0
DA:1008,0
DA:1012,0
DA:1013,0
DA:1014,0
DA:1016,0
DA:1017,0
DA:1019,0
DA:1021,0
DA:1022,0
DA:1023,0
DA:1030,0
DA:1031,0
DA:1032,0
DA:1034,0
DA:1035,0
DA:1037,0
DA:1039,0
DA:1041,0
DA:1048,0
DA:1049,0
DA:1050,0
DA:1051,0
DA:1053,0
DA:1054,0
DA:1055,0
DA:1056,0
DA:1058,0
DA:1059,0
DA:1060,0
DA:1062,0
DA:1064,0
DA:1065,0
DA:1066,0
DA:1068,0
DA:1069,0
DA:1070,0
DA:1073,0
DA:1075,0
DA:1076,0
DA:1077,0
DA:1079,0
DA:1080,0
DA:1081,0
DA:1082,0
DA:1085,0
DA:1086,0
DA:1087,0
DA:1089,0
DA:1091,0
DA:1094,0
DA:1095,0
DA:1097,0
DA:1100,0
DA:1102,0
DA:1103,0
DA:1104,0
DA:1105,0
DA:1106,0
DA:1116,2
DA:1117,2
DA:1118,2
DA:1120,2
DA:1122,2
DA:1123,2
DA:1124,4
DA:1125,0
DA:1128,2
DA:1131,2
DA:1132,4
DA:1134,0
DA:1137,2
DA:1138,2
DA:1144,2
DA:1146,4
DA:1149,2
DA:1151,2
DA:1152,4
DA:1153,2
DA:1154,0
DA:1155,0
DA:1156,0
DA:1157,2
DA:1158,4
DA:1160,0
DA:1165,2
DA:1166,2
DA:1167,2
DA:1168,2
DA:1170,2
DA:1171,2
DA:1177,2
DA:1178,4
DA:1180,0
DA:1183,4
LF:650
LH:92
end_of_record
SF:lib/services/widget_service.dart
DA:17,0
DA:22,0
DA:25,0
DA:26,0
DA:30,0
DA:31,0
DA:34,0
DA:35,0
DA:37,0
DA:38,0
DA:39,0
DA:40,0
DA:41,0
DA:42,0
DA:43,0
DA:47,0
DA:51,0
DA:52,0
DA:53,0
DA:54,0
DA:55,0
DA:56,0
DA:57,0
DA:61,0
DA:65,0
DA:66,0
DA:68,0
DA:73,0
DA:75,0
DA:76,0
DA:77,0
DA:78,0
DA:79,0
DA:80,0
DA:82,0
DA:87,0
DA:88,0
LF:37
LH:0
end_of_record
SF:lib/services/device_service.dart
DA:13,0
DA:15,0
DA:16,0
DA:17,0
DA:18,0
DA:19,0
DA:26,2
DA:29,2
DA:30,0
DA:32,2
DA:33,2
DA:34,2
DA:35,0
DA:36,0
DA:38,0
DA:45,2
DA:48,2
DA:56,0
DA:59,0
DA:68,0
DA:71,0
DA:73,0
LF:22
LH:7
end_of_record
SF:lib/services/bookmarks_service.dart
DA:16,2
DA:17,2
DA:18,2
DA:23,2
DA:25,3
DA:26,1
DA:27,0
DA:28,0
DA:29,0
DA:31,0
DA:32,0
DA:33,0
DA:34,0
DA:35,0
DA:37,0
DA:39,0
DA:40,0
DA:45,0
DA:47,0
DA:48,0
DA:49,0
DA:51,0
LF:22
LH:6
end_of_record
SF:lib/screens/auth_screen.dart
DA:9,1
DA:11,0
DA:12,0
DA:26,0
DA:28,0
DA:29,0
DA:32,0
DA:34,0
DA:35,0
DA:36,0
DA:37,0
DA:38,0
DA:41,0
DA:42,0
DA:43,0
DA:44,0
DA:45,0
DA:48,0
DA:49,0
DA:50,0
DA:52,0
DA:53,0
DA:54,0
DA:55,0
DA:56,0
DA:59,0
DA:62,0
DA:63,0
DA:64,0
DA:68,0
DA:72,0
DA:73,0
DA:74,0
DA:75,0
DA:76,0
DA:79,0
DA:80,0
DA:81,0
DA:84,0
DA:85,0
DA:86,0
DA:88,0
DA:89,0
DA:92,0
DA:93,0
DA:94,0
DA:98,0
DA:102,0
DA:103,0
DA:104,0
DA:105,0
DA:106,0
DA:107,0
DA:108,0
DA:113,0
DA:114,0
DA:115,0
DA:118,0
DA:119,0
DA:120,0
DA:121,0
DA:122,0
DA:123,0
DA:128,0
DA:129,0
DA:130,0
DA:134,0
DA:138,0
DA:140,0
DA:141,0
DA:142,0
DA:143,0
DA:144,0
DA:145,0
DA:146,0
DA:147,0
DA:148,0
DA:149,0
DA:150,0
DA:151,0
DA:158,0
DA:159,0
DA:161,0
DA:162,0
DA:163,0
DA:165,0
DA:167,0
DA:168,0
DA:171,0
DA:172,0
DA:173,0
DA:175,0
DA:176,0
DA:177,0
DA:182,0
DA:183,0
DA:184,0
DA:186,0
DA:187,0
DA:188,0
DA:189,0
DA:190,0
DA:192,0
DA:193,0
DA:196,0
DA:199,0
DA:200,0
DA:201,0
DA:205,0
DA:208,0
DA:209,0
DA:210,0
DA:212,0
DA:213,0
DA:214,0
DA:215,0
DA:216,0
DA:219,0
DA:221,0
DA:222,0
DA:225,0
DA:226,0
DA:228,0
DA:229,0
DA:232,0
DA:233,0
DA:235,0
DA:236,0
DA:243,0
DA:245,0
DA:246,0
DA:247,0
DA:249,0
DA:250,0
DA:252,0
DA:254,0
DA:255,0
DA:256,0
DA:258,0
DA:259,0
DA:262,0
DA:264,0
DA:265,0
DA:271,0
DA:274,0
DA:275,0
DA:277,0
DA:278,0
DA:279,0
DA:280,0
DA:283,0
DA:289,0
DA:290,0
DA:296,0
DA:299,0
DA:300,0
DA:301,0
DA:302,0
DA:304,0
DA:308,0
DA:311,0
DA:314,0
LF:162
LH:1
end_of_record
SF:lib/services/auth_service.dart
DA:7,6
DA:8,4
DA:9,2
DA:11,4
DA:14,0
DA:17,4
DA:20,0
DA:23,0
DA:29,0
DA:33,0
DA:34,0
DA:43,0
DA:47,0
DA:48,0
DA:56,0
DA:57,0
DA:63,0
DA:64,0
DA:70,0
DA:71,0
DA:73,0
DA:79,0
DA:80,0
DA:82,0
DA:89,0
DA:90,0
DA:91,0
DA:92,0
DA:93,0
DA:95,0
DA:99,0
DA:100,0
DA:101,0
DA:102,0
DA:107,0
DA:108,0
DA:109,0
DA:110,0
DA:114,0
DA:115,0
DA:116,0
DA:121,1
DA:122,2
DA:123,1
DA:125,1
DA:127,1
DA:129,1
DA:131,1
DA:132,2
DA:135,1
DA:137,1
LF:51
LH:15
end_of_record
SF:lib/services/google_drive_service.dart
DA:18,1
DA:28,7
DA:40,6
DA:41,2
DA:43,2
DA:44,2
DA:45,4
DA:48,0
DA:49,0
DA:50,0
DA:51,0
DA:54,1
DA:55,1
DA:56,0
DA:59,0
DA:61,0
DA:69,0
DA:71,0
DA:74,0
DA:75,0
DA:79,0
DA:80,0
DA:81,0
DA:84,0
DA:85,0
DA:90,0
DA:92,0
DA:94,0
DA:95,0
DA:98,1
DA:99,2
DA:101,0
DA:103,0
DA:105,0
DA:112,0
DA:113,0
DA:114,0
DA:115,0
DA:116,0
DA:118,0
DA:119,0
DA:120,0
DA:122,0
DA:124,0
DA:125,0
DA:129,0
DA:130,0
DA:131,0
DA:133,0
DA:136,0
DA:137,0
DA:138,0
DA:139,0
DA:140,0
DA:145,0
DA:146,0
DA:148,0
DA:149,0
DA:150,0
DA:151,0
DA:152,0
DA:153,0
DA:155,0
DA:160,0
DA:161,0
DA:163,0
DA:166,0
DA:171,0
DA:172,0
DA:174,0
DA:175,0
DA:178,0
DA:183,0
DA:184,0
DA:186,0
DA:187,0
DA:189,0
DA:194,0
DA:195,0
DA:197,0
DA:198,0
DA:199,0
DA:201,0
DA:202,0
DA:203,0
DA:206,0
DA:207,0
DA:208,0
DA:209,0
DA:211,0
DA:214,0
DA:219,0
DA:220,0
DA:222,0
DA:223,0
DA:224,0
DA:225,0
DA:226,0
DA:227,0
DA:230,0
DA:231,0
DA:241,0
DA:243,0
DA:245,0
DA:246,0
DA:249,0
DA:250,0
LF:107
LH:11
end_of_record
SF:lib/services/dropbox_service.dart
DA:23,1
DA:36,1
DA:38,2
DA:49,6
DA:50,2
DA:51,2
DA:52,3
DA:53,3
DA:57,3
DA:58,7
DA:59,3
DA:60,3
DA:61,3
DA:62,2
DA:63,2
DA:64,2
DA:67,0
DA:71,2
DA:72,4
DA:73,1
DA:74,0
DA:75,0
DA:80,0
DA:81,0
DA:82,0
DA:83,0
DA:84,0
DA:87,0
DA:88,0
DA:89,0
DA:90,0
DA:91,0
DA:92,0
DA:93,0
DA:94,0
DA:95,0
DA:96,0
DA:97,0
DA:98,0
DA:99,0
DA:100,0
DA:107,1
DA:108,1
DA:110,0
DA:112,0
DA:114,0
DA:118,0
DA:121,0
DA:122,0
DA:127,0
DA:134,1
DA:135,1
DA:137,0
DA:139,0
DA:143,0
DA:144,0
DA:146,0
DA:149,0
DA:151,0
DA:153,0
DA:156,0
DA:157,0
DA:158,0
DA:162,0
DA:163,0
DA:167,0
DA:168,0
DA:169,0
DA:170,0
DA:171,0
DA:172,0
DA:174,0
DA:177,0
DA:182,0
DA:183,0
DA:185,0
DA:187,0
DA:189,0
DA:190,0
DA:191,0
DA:194,0
DA:196,0
DA:197,0
DA:198,0
DA:199,0
DA:200,0
DA:201,0
DA:204,0
DA:205,0
DA:210,0
DA:211,0
DA:212,0
DA:214,0
DA:215,0
DA:217,0
DA:218,0
DA:222,1
DA:223,1
DA:224,1
DA:225,4
DA:226,0
DA:233,1
DA:234,1
DA:236,2
DA:237,1
DA:238,1
DA:239,4
DA:241,2
DA:242,1
DA:243,0
DA:244,0
DA:245,0
DA:248,0
DA:251,3
DA:258,1
DA:260,1
DA:262,1
DA:270,1
DA:272,1
DA:273,2
DA:274,1
DA:275,1
DA:276,1
DA:277,1
DA:278,1
DA:279,2
DA:280,1
DA:281,2
DA:283,1
DA:285,1
DA:286,1
DA:288,1
DA:291,0
DA:292,0
DA:293,0
DA:295,0
DA:298,0
DA:299,0
DA:304,1
DA:305,2
DA:309,1
DA:310,1
DA:312,1
DA:322,1
DA:323,1
DA:325,1
DA:327,1
DA:330,1
DA:331,2
DA:332,1
DA:334,1
DA:335,3
DA:340,0
DA:341,0
DA:345,0
DA:350,0
DA:352,0
DA:355,0
DA:356,0
DA:357,0
DA:358,0
DA:362,0
DA:363,0
DA:364,0
DA:365,0
DA:366,0
DA:368,0
DA:369,0
DA:372,0
DA:373,0
DA:374,0
DA:382,0
DA:388,0
DA:389,0
DA:391,0
DA:393,0
DA:394,0
DA:395,0
DA:396,0
DA:401,0
DA:404,0
DA:411,0
DA:412,0
DA:413,0
DA:414,0
DA:415,0
DA:416,0
DA:417,0
DA:418,0
DA:419,0
DA:422,0
DA:423,0
DA:424,0
DA:425,0
LF:194
LH:68
end_of_record
SF:lib/services/opendrive_service.dart
DA:25,6
DA:26,2
DA:29,0
DA:30,0
DA:31,0
DA:32,0
DA:33,0
DA:35,0
DA:38,0
DA:39,0
DA:40,0
DA:41,0
DA:42,0
DA:48,0
DA:49,0
DA:50,0
DA:54,1
DA:55,1
DA:56,0
DA:60,0
DA:67,0
DA:68,0
DA:73,0
DA:79,1
DA:80,1
DA:83,0
DA:84,0
DA:85,0
DA:88,0
DA:93,0
DA:94,0
DA:95,0
DA:96,0
DA:97,0
DA:98,0
DA:99,0
DA:101,0
DA:102,0
DA:103,0
DA:105,0
DA:110,0
DA:116,0
DA:117,0
DA:120,0
DA:121,0
DA:122,0
DA:124,0
DA:125,0
DA:129,0
DA:130,0
DA:131,0
DA:132,0
DA:133,0
DA:135,0
DA:136,0
DA:137,0
DA:140,0
DA:143,0
DA:149,1
DA:150,1
DA:151,0
DA:152,0
DA:158,1
DA:159,2
DA:163,0
DA:164,0
DA:166,0
DA:167,0
DA:170,0
DA:171,0
DA:172,0
DA:173,0
DA:174,0
DA:175,0
DA:176,0
DA:177,0
DA:178,0
DA:179,0
DA:180,0
DA:182,0
DA:184,0
DA:185,0
DA:190,0
DA:191,0
DA:194,0
DA:195,0
DA:196,0
DA:197,0
DA:200,0
DA:201,0
DA:202,0
DA:206,0
DA:207,0
DA:208,0
DA:212,0
DA:218,1
DA:219,1
DA:222,0
DA:223,0
DA:224,0
DA:226,0
DA:228,0
DA:234,0
DA:235,0
DA:238,0
DA:239,0
DA:240,0
DA:241,0
DA:244,0
DA:246,0
DA:248,0
DA:254,1
DA:255,1
DA:258,0
DA:259,0
DA:260,0
DA:263,0
DA:264,0
DA:265,0
DA:269,0
DA:275,0
DA:276,0
DA:279,0
DA:280,0
DA:281,0
DA:283,0
DA:285,0
DA:286,0
DA:288,0
DA:289,0
DA:290,0
DA:291,0
DA:292,0
DA:293,0
DA:294,0
DA:296,0
DA:301,0
DA:307,0
DA:308,0
DA:309,0
DA:310,0
DA:311,0
DA:312,0
DA:313,0
DA:314,0
LF:145
LH:14
end_of_record
SF:lib/screens/duplicates_screen.dart
DA:15,1
DA:17,0
DA:18,0
DA:27,0
DA:28,0
DA:29,0
DA:30,0
DA:35,0
DA:36,0
DA:37,0
DA:38,0
DA:39,0
DA:40,0
DA:41,0
DA:42,0
DA:43,0
DA:46,0
DA:48,0
DA:49,0
DA:50,0
DA:53,0
DA:54,0
DA:60,0
DA:61,0
DA:62,0
DA:68,0
DA:69,0
DA:70,0
DA:71,0
DA:72,0
DA:73,0
DA:74,0
DA:75,0
DA:77,0
DA:78,0
DA:81,0
DA:82,0
DA:85,0
DA:88,0
DA:90,0
DA:91,0
DA:93,0
DA:95,0
DA:96,0
DA:97,0
DA:98,0
DA:102,0
DA:103,0
DA:104,0
DA:105,0
DA:117,0
DA:123,0
DA:127,0
DA:128,0
DA:129,0
DA:130,0
DA:131,0
DA:132,0
DA:135,0
DA:136,0
DA:137,0
DA:142,0
DA:144,0
DA:145,0
DA:148,0
DA:149,0
DA:150,0
DA:151,0
DA:152,0
DA:153,0
DA:154,0
DA:155,0
DA:157,0
DA:158,0
DA:159,0
DA:160,0
DA:163,0
DA:169,0
DA:174,0
DA:176,0
DA:177,0
DA:178,0
DA:180,0
DA:186,0
DA:187,0
DA:188,0
DA:189,0
DA:190,0
DA:191,0
DA:192,0
DA:193,0
DA:195,0
DA:198,0
DA:199,0
DA:200,0
DA:203,0
DA:204,0
DA:205,0
DA:206,0
DA:207,0
DA:209,0
DA:211,0
DA:213,0
DA:216,0
DA:225,0
DA:226,0
DA:227,0
DA:228,0
DA:229,0
DA:230,0
DA:231,0
DA:232,0
DA:234,0
DA:235,0
DA:236,0
DA:239,0
DA:240,0
DA:241,0
DA:246,0
DA:248,0
DA:249,0
DA:254,0
DA:255,0
DA:256,0
DA:257,0
DA:258,0
DA:259,0
DA:260,0
DA:261,0
DA:262,0
DA:264,0
DA:265,0
DA:266,0
DA:267,0
DA:268,0
DA:269,0
DA:270,0
DA:273,0
DA:274,0
DA:275,0
DA:276,0
DA:278,0
DA:280,0
DA:286,0
DA:287,0
DA:288,0
DA:296,0
DA:297,0
DA:298,0
DA:299,0
DA:300,0
DA:301,0
DA:304,0
DA:305,0
DA:307,0
DA:309,0
DA:310,0
DA:312,0
DA:314,0
DA:317,0
DA:318,0
DA:320,0
DA:328,0
DA:330,0
DA:331,0
DA:332,0
DA:333,0
DA:335,0
DA:337,0
DA:338,0
DA:339,0
DA:340,0
DA:341,0
DA:343,0
DA:348,0
DA:350,0
DA:351,0
DA:352,0
DA:354,0
DA:355,0
DA:356,0
DA:358,0
DA:359,0
DA:362,0
DA:364,0
DA:365,0
DA:367,0
DA:372,0
DA:373,0
DA:374,0
DA:376,0
DA:377,0
DA:378,0
DA:379,0
DA:381,0
DA:382,0
DA:383,0
DA:384,0
DA:389,0
DA:390,0
DA:391,0
DA:392,0
DA:393,0
DA:394,0
DA:395,0
DA:396,0
DA:398,0
DA:400,0
DA:401,0
DA:402,0
DA:404,0
DA:405,0
DA:406,0
DA:408,0
DA:409,0
DA:411,0
DA:414,0
DA:416,0
DA:418,0
DA:419,0
DA:423,0
DA:424,0
DA:425,0
DA:426,0
DA:430,0
DA:431,0
DA:433,0
DA:435,0
DA:438,0
DA:440,0
LF:230
LH:1
end_of_record
SF:lib/screens/help_screen.dart
DA:8,1
DA:111,0
DA:237,0
DA:239,0
DA:240,0
DA:241,0
DA:242,0
DA:243,0
DA:244,0
DA:245,0
DA:246,0
DA:248,0
DA:250,0
DA:251,0
DA:252,0
DA:253,0
DA:254,0
DA:255,0
DA:261,0
DA:262,0
DA:263,0
DA:265,0
DA:266,0
DA:267,0
DA:269,0
DA:270,0
DA:271,0
DA:272,0
DA:273,0
DA:274,0
DA:275,0
DA:276,0
DA:277,0
DA:278,0
DA:279,0
DA:285,0
DA:286,0
DA:287,0
DA:289,0
DA:291,0
DA:292,0
DA:293,0
DA:294,0
DA:301,0
DA:303,0
DA:304,0
DA:305,0
DA:306,0
DA:326,1
DA:337,1
LF:50
LH:3
end_of_record
SF:lib/services/bt_permissions.dart
DA:19,0
DA:21,0
DA:22,0
DA:23,0
DA:24,0
DA:25,0
DA:26,0
DA:33,0
DA:34,0
DA:35,0
DA:36,0
DA:37,0
DA:41,0
DA:42,0
DA:43,0
DA:44,0
DA:46,0
DA:51,0
DA:54,0
DA:55,0
DA:56,0
DA:58,0
LF:22
LH:0
end_of_record
SF:lib/screens/qr_scanner_screen.dart
DA:10,1
DA:12,0
DA:13,0
DA:19,0
DA:20,0
DA:21,0
DA:23,0
DA:24,0
DA:29,0
DA:32,0
DA:35,0
DA:37,0
DA:39,0
DA:48,0
DA:49,0
DA:52,0
DA:53,0
DA:54,0
DA:62,0
DA:64,0
DA:65,0
DA:66,0
DA:67,0
DA:68,0
DA:69,0
DA:70,0
DA:73,0
DA:74,0
DA:75,0
DA:76,0
DA:78,0
DA:79,0
DA:80,0
DA:81,0
DA:82,0
DA:83,0
DA:85,0
DA:88,0
DA:90,0
DA:92,0
DA:94,0
DA:96,0
DA:97,0
DA:98,0
DA:100,0
DA:101,0
DA:102,0
DA:104,0
DA:108,0
DA:109,0
DA:110,0
DA:111,0
DA:112,0
LF:53
LH:1
end_of_record
SF:lib/screens/privacy_policy_screen.dart
DA:6,1
DA:8,0
DA:10,0
DA:11,0
DA:12,0
DA:13,0
DA:15,0
DA:17,0
DA:18,0
DA:19,0
DA:21,0
DA:23,0
DA:25,0
DA:26,0
DA:28,0
DA:29,0
DA:35,0
DA:37,0
DA:40,0
DA:46,0
DA:53,0
DA:60,0
DA:66,0
DA:73,0
DA:79,0
DA:83,0
DA:84,0
DA:86,0
DA:96,0
DA:97,0
DA:99,0
DA:100,0
DA:102,0
DA:103,0
DA:109,0
DA:110,0
DA:112,0
DA:114,0
DA:115,0
DA:116,0
DA:117,0
DA:119,0
LF:42
LH:1
end_of_record
SF:lib/services/donation_service.dart
DA:15,0
DA:16,0
DA:17,0
DA:18,0
DA:24,0
DA:25,0
DA:26,0
DA:27,0
DA:28,0
DA:34,0
DA:35,0
DA:36,0
DA:37,0
DA:38,0
DA:44,0
DA:45,0
DA:50,1
DA:52,0
DA:53,0
DA:57,0
DA:59,0
DA:60,0
DA:61,0
DA:63,0
DA:65,0
DA:66,0
DA:69,0
DA:70,0
DA:72,0
DA:75,0
DA:80,0
DA:83,0
DA:88,0
DA:91,0
DA:93,0
DA:94,0
DA:95,0
DA:97,0
DA:99,0
DA:105,0
DA:106,0
DA:107,0
DA:110,0
DA:111,0
DA:112,0
DA:113,0
DA:121,0
DA:128,0
DA:130,0
DA:131,0
DA:132,0
DA:133,0
DA:135,0
DA:136,0
DA:137,0
DA:139,0
DA:140,0
DA:142,0
DA:143,0
DA:145,0
DA:146,0
DA:150,0
DA:152,0
DA:154,0
DA:156,0
DA:157,0
DA:165,0
DA:167,0
LF:68
LH:1
end_of_record
SF:lib/services/installer_service.dart
DA:12,0
DA:14,0
DA:17,0
DA:18,0
DA:19,0
DA:21,0
DA:30,0
DA:33,0
DA:34,0
DA:36,0
DA:39,0
DA:40,0
DA:41,0
DA:42,0
DA:43,0
DA:46,0
DA:48,0
DA:49,0
DA:50,0
DA:51,0
DA:53,0
DA:54,0
DA:55,0
DA:56,0
DA:57,0
DA:58,0
DA:59,0
DA:60,0
DA:62,0
DA:64,0
DA:65,0
DA:69,0
DA:71,0
DA:73,0
DA:75,0
DA:76,0
DA:78,0
DA:79,0
DA:80,0
DA:85,0
LF:40
LH:0
end_of_record
SF:lib/widgets/convert_dialog.dart
DA:33,0
DA:35,0
DA:36,0
DA:46,0
DA:47,0
DA:48,0
DA:49,0
DA:51,0
DA:52,0
DA:53,0
DA:58,0
DA:59,0
DA:60,0
DA:62,0
DA:63,0
DA:66,0
DA:67,0
DA:68,0
DA:69,0
DA:70,0
DA:74,0
DA:75,0
DA:76,0
DA:78,0
DA:79,0
DA:80,0
DA:81,0
DA:83,0
DA:87,0
DA:90,0
DA:92,0
DA:94,0
DA:98,0
DA:101,0
DA:103,0
DA:104,0
DA:106,0
DA:107,0
DA:109,0
DA:110,0
DA:112,0
DA:113,0
DA:115,0
DA:116,0
DA:118,0
DA:119,0
DA:121,0
DA:122,0
DA:123,0
DA:124,0
DA:127,0
DA:129,0
DA:133,0
DA:134,0
DA:135,0
DA:136,0
DA:137,0
DA:138,0
DA:139,0
DA:140,0
DA:141,0
DA:142,0
DA:143,0
DA:144,0
DA:145,0
DA:146,0
DA:148,0
DA:149,0
DA:150,0
DA:154,0
DA:155,0
DA:156,0
DA:157,0
DA:158,0
DA:160,0
DA:161,0
DA:162,0
DA:163,0
DA:167,0
DA:169,0
DA:170,0
DA:171,0
DA:172,0
DA:173,0
DA:175,0
DA:177,0
DA:179,0
DA:180,0
DA:181,0
DA:184,0
DA:187,0
DA:188,0
DA:189,0
DA:192,0
DA:193,0
DA:196,0
DA:198,0
DA:199,0
DA:200,0
DA:202,0
DA:203,0
DA:204,0
DA:205,0
DA:207,0
DA:208,0
DA:211,0
DA:212,0
DA:218,0
DA:219,0
DA:220,0
DA:221,0
DA:224,0
DA:225,0
DA:226,0
DA:229,0
DA:230,0
DA:233,0
DA:237,0
DA:239,0
DA:241,0
DA:242,0
DA:243,0
DA:245,0
DA:246,0
DA:247,0
DA:251,0
DA:253,0
DA:255,0
DA:256,0
DA:257,0
DA:259,0
DA:260,0
DA:261,0
DA:262,0
DA:264,0
DA:265,0
DA:266,0
DA:267,0
DA:268,0
DA:269,0
DA:275,0
DA:276,0
DA:277,0
DA:278,0
DA:279,0
DA:290,0
DA:291,0
DA:292,0
DA:299,0
DA:300,0
DA:302,0
DA:306,0
DA:308,0
DA:309,0
DA:310,0
DA:313,0
DA:314,0
DA:315,0
DA:316,0
DA:317,0
DA:318,0
DA:320,0
LF:162
LH:0
end_of_record
SF:lib/screens/bluetooth_screen.dart
DA:11,1
DA:13,1
DA:14,1
DA:32,1
DA:34,1
DA:35,1
DA:38,1
DA:40,2
DA:41,1
DA:43,1
DA:46,1
DA:47,2
DA:48,3
DA:49,0
DA:52,2
DA:53,3
DA:54,0
DA:55,0
DA:56,0
DA:57,0
DA:61,2
DA:62,3
DA:63,0
DA:64,0
DA:66,0
DA:67,0
DA:68,0
DA:72,2
DA:73,3
DA:74,0
DA:75,0
DA:81,0
DA:83,0
DA:85,0
DA:86,0
DA:90,0
DA:92,0
DA:94,0
DA:96,0
DA:97,0
DA:98,0
DA:100,0
DA:101,0
DA:102,0
DA:104,0
DA:106,0
DA:110,0
DA:111,0
DA:116,0
DA:118,0
DA:119,0
DA:120,0
DA:121,0
DA:122,0
DA:125,0
DA:126,0
DA:131,0
DA:133,0
DA:134,0
DA:136,0
DA:137,0
DA:142,0
DA:144,0
DA:146,0
DA:149,0
DA:151,0
DA:152,0
DA:153,0
DA:154,0
DA:156,0
DA:157,0
DA:165,0
DA:166,0
DA:167,0
DA:170,0
DA:171,0
DA:177,0
DA:179,0
DA:183,0
DA:184,0
DA:187,0
DA:188,0
DA:189,0
DA:196,1
DA:198,2
DA:200,1
DA:202,1
DA:204,1
DA:206,1
DA:208,1
DA:209,1
DA:210,1
DA:212,1
DA:213,1
DA:214,2
DA:216,1
DA:217,1
DA:219,1
DA:220,1
DA:221,1
DA:228,1
DA:229,0
DA:230,0
DA:231,0
DA:237,1
DA:238,0
DA:239,0
DA:241,0
DA:242,0
DA:243,0
DA:244,0
DA:252,2
DA:253,0
DA:254,0
DA:263,1
DA:264,1
DA:265,0
DA:266,0
DA:267,0
DA:268,0
DA:278,1
DA:279,1
DA:280,0
DA:282,0
DA:283,0
DA:284,0
DA:286,0
DA:287,0
DA:288,0
DA:289,0
DA:290,0
DA:291,0
DA:295,0
DA:296,0
DA:298,0
DA:299,0
DA:300,0
DA:301,0
DA:302,0
DA:308,0
DA:309,0
DA:310,0
DA:311,0
DA:318,0
DA:319,0
DA:320,0
DA:321,0
DA:322,0
DA:323,0
DA:331,1
DA:334,1
DA:335,1
DA:336,2
DA:337,1
DA:338,1
DA:339,0
DA:341,0
DA:342,0
DA:345,0
DA:346,0
DA:350,0
DA:352,0
DA:353,0
DA:354,0
DA:358,0
DA:359,0
DA:363,0
DA:365,0
DA:366,0
DA:367,0
DA:371,0
DA:372,0
DA:375,1
DA:377,1
DA:378,1
DA:379,1
DA:380,1
DA:381,1
DA:384,1
DA:385,1
DA:390,1
DA:391,1
DA:393,1
DA:394,0
DA:395,0
DA:399,1
DA:400,1
DA:407,1
DA:409,1
DA:410,0
DA:411,0
DA:415,1
DA:416,1
DA:424,1
DA:427,1
DA:429,1
DA:430,1
DA:435,1
DA:436,1
DA:437,2
DA:438,1
DA:439,1
DA:441,2
DA:444,0
DA:445,0
DA:446,0
DA:447,0
DA:448,0
DA:449,0
DA:450,0
DA:451,0
DA:452,0
DA:454,0
DA:457,0
DA:458,0
DA:459,0
DA:461,0
DA:462,0
DA:463,0
DA:464,0
DA:468,0
DA:469,0
DA:470,0
DA:471,0
DA:472,0
DA:486,1
DA:488,1
DA:489,1
DA:490,0
DA:491,0
DA:492,0
DA:493,0
DA:494,0
DA:495,0
DA:496,0
DA:497,0
DA:498,0
DA:499,0
DA:503,1
DA:505,1
DA:507,0
DA:509,0
DA:511,0
DA:513,0
DA:515,0
DA:520,1
DA:522,1
DA:524,0
DA:526,0
DA:528,0
DA:530,0
DA:532,0
LF:252
LH:83
end_of_record
